Using pre-set license
Built from '2021.2/staging' branch; Version is '2021.2.8f1 (d0e5f0a7b06a) revision 13690352'; Using compiler version '192829333'; Build Type 'Release'
OS: 'Windows 10  (10.0.19042) 64bit Professional' Language: 'es' Physical Memory: 16235 MB
BatchMode: 1, IsHumanControllingUs: 0, StartBugReporterOnCrash: 0, Is64bit: 1, IsPro: 0

COMMAND LINE ARGUMENTS:
C:\Program Files\Unity\Hub\Editor\2021.2.8f1\Editor\Unity.exe
-adb2
-batchMode
-noUpm
-name
AssetImportWorker0
-projectPath
D:/GitHub/RPGProject/RPG Project
-logFile
Logs/AssetImportWorker0.log
-srvPort
63677
Successfully changed project path to: D:/GitHub/RPGProject/RPG Project
D:/GitHub/RPGProject/RPG Project
[UnityMemory] Configuration Parameters - Can be set up in boot.config
    "memorysetup-bucket-allocator-granularity=16"
    "memorysetup-bucket-allocator-bucket-count=8"
    "memorysetup-bucket-allocator-block-size=33554432"
    "memorysetup-bucket-allocator-block-count=8"
    "memorysetup-main-allocator-block-size=16777216"
    "memorysetup-thread-allocator-block-size=16777216"
    "memorysetup-gfx-main-allocator-block-size=16777216"
    "memorysetup-gfx-thread-allocator-block-size=16777216"
    "memorysetup-cache-allocator-block-size=4194304"
    "memorysetup-typetree-allocator-block-size=2097152"
    "memorysetup-profiler-bucket-allocator-granularity=16"
    "memorysetup-profiler-bucket-allocator-bucket-count=8"
    "memorysetup-profiler-bucket-allocator-block-size=33554432"
    "memorysetup-profiler-bucket-allocator-block-count=8"
    "memorysetup-profiler-allocator-block-size=16777216"
    "memorysetup-profiler-editor-allocator-block-size=1048576"
    "memorysetup-temp-allocator-size-main=16777216"
    "memorysetup-job-temp-allocator-block-size=2097152"
    "memorysetup-job-temp-allocator-block-size-background=1048576"
    "memorysetup-job-temp-allocator-reduction-small-platforms=262144"
    "memorysetup-temp-allocator-size-background-worker=32768"
    "memorysetup-temp-allocator-size-job-worker=262144"
    "memorysetup-temp-allocator-size-preload-manager=33554432"
    "memorysetup-temp-allocator-size-nav-mesh-worker=65536"
    "memorysetup-temp-allocator-size-audio-worker=65536"
    "memorysetup-temp-allocator-size-cloud-worker=32768"
    "memorysetup-temp-allocator-size-gi-baking-worker=262144"
    "memorysetup-temp-allocator-size-gfx=262144"
Refreshing native plugins compatible for Editor in 90.47 ms, found 3 plugins.
Preloading 0 native plugins for Editor in 0.00 ms.
Initialize engine version: 2021.2.8f1 (d0e5f0a7b06a)
[Subsystems] Discovering subsystems at path C:/Program Files/Unity/Hub/Editor/2021.2.8f1/Editor/Data/Resources/UnitySubsystems
[Subsystems] Discovering subsystems at path D:/GitHub/RPGProject/RPG Project/Assets
GfxDevice: creating device client; threaded=0; jobified=0
Direct3D:
    Version:  Direct3D 11.0 [level 11.1]
    Renderer: NVIDIA GeForce GTX 1650 (ID=0x1f91)
    Vendor:   NVIDIA
    VRAM:     3962 MB
    Driver:   27.21.14.5763
Initialize mono
Mono path[0] = 'C:/Program Files/Unity/Hub/Editor/2021.2.8f1/Editor/Data/Managed'
Mono path[1] = 'C:/Program Files/Unity/Hub/Editor/2021.2.8f1/Editor/Data/MonoBleedingEdge/lib/mono/unityjit-win32'
Mono config path = 'C:/Program Files/Unity/Hub/Editor/2021.2.8f1/Editor/Data/MonoBleedingEdge/etc'
Using monoOptions --debugger-agent=transport=dt_socket,embedding=1,server=y,suspend=n,address=127.0.0.1:56768
Begin MonoManager ReloadAssembly
Registering precompiled unity dll's ...
Register platform support module: C:/Program Files/Unity/Hub/Editor/2021.2.8f1/Editor/Data/PlaybackEngines/WindowsStandaloneSupport/UnityEditor.WindowsStandalone.Extensions.dll
Registered in 0.007159 seconds.
Native extension for WindowsStandalone target not found
Refreshing native plugins compatible for Editor in 79.45 ms, found 3 plugins.
Preloading 0 native plugins for Editor in 0.00 ms.
Mono: successfully reloaded assembly
- Completed reload, in  0.620 seconds
Domain Reload Profiling:
	ReloadAssembly (620ms)
		BeginReloadAssembly (67ms)
			ExecutionOrderSort (0ms)
			DisableScriptedObjects (0ms)
			BackupInstance (0ms)
			ReleaseScriptingObjects (0ms)
			CreateAndSetChildDomain (1ms)
		EndReloadAssembly (473ms)
			LoadAssemblies (65ms)
			RebuildTransferFunctionScriptingTraits (0ms)
			SetupTypeCache (104ms)
			ReleaseScriptCaches (0ms)
			RebuildScriptCaches (30ms)
			SetupLoadedEditorAssemblies (287ms)
				LogAssemblyErrors (0ms)
				InitializePlatformSupportModulesInManaged (15ms)
				SetLoadedEditorAssemblies (0ms)
				RefreshPlugins (80ms)
				BeforeProcessingInitializeOnLoad (2ms)
				ProcessInitializeOnLoadAttributes (142ms)
				ProcessInitializeOnLoadMethodAttributes (48ms)
				AfterProcessingInitializeOnLoad (0ms)
				EditorAssembliesLoaded (0ms)
			ExecutionOrderSort2 (0ms)
			AwakeInstancesAfterBackupRestoration (0ms)
Platform modules already initialized, skipping
Registering precompiled user dll's ...
Registered in 0.003698 seconds.
Begin MonoManager ReloadAssembly
Symbol file LoadedFromMemory doesn't match image D:\GitHub\RPGProject\RPG Project\Library\PackageCache\com.unity.visualscripting@1.7.6\Editor\VisualScripting.Core\Dependencies\YamlDotNet\Unity.VisualScripting.YamlDotNet.dll
Symbol file LoadedFromMemory doesn't match image D:\GitHub\RPGProject\RPG Project\Library\PackageCache\com.unity.visualscripting@1.7.6\Editor\VisualScripting.Core\Dependencies\DotNetZip\Unity.VisualScripting.IonicZip.dll
Native extension for WindowsStandalone target not found
Refreshing native plugins compatible for Editor in 0.59 ms, found 3 plugins.
Preloading 0 native plugins for Editor in 0.00 ms.
Mono: successfully reloaded assembly
- Completed reload, in  0.954 seconds
Domain Reload Profiling:
	ReloadAssembly (955ms)
		BeginReloadAssembly (102ms)
			ExecutionOrderSort (0ms)
			DisableScriptedObjects (6ms)
			BackupInstance (0ms)
			ReleaseScriptingObjects (0ms)
			CreateAndSetChildDomain (20ms)
		EndReloadAssembly (766ms)
			LoadAssemblies (66ms)
			RebuildTransferFunctionScriptingTraits (0ms)
			SetupTypeCache (232ms)
			ReleaseScriptCaches (1ms)
			RebuildScriptCaches (68ms)
			SetupLoadedEditorAssemblies (359ms)
				LogAssemblyErrors (0ms)
				InitializePlatformSupportModulesInManaged (12ms)
				SetLoadedEditorAssemblies (0ms)
				RefreshPlugins (1ms)
				BeforeProcessingInitializeOnLoad (78ms)
				ProcessInitializeOnLoadAttributes (234ms)
				ProcessInitializeOnLoadMethodAttributes (26ms)
				AfterProcessingInitializeOnLoad (9ms)
				EditorAssembliesLoaded (0ms)
			ExecutionOrderSort2 (0ms)
			AwakeInstancesAfterBackupRestoration (6ms)
Platform modules already initialized, skipping
========================================================================
Worker process is ready to serve import requests
Launched and connected shader compiler UnityShaderCompiler.exe after 0.06 seconds
Refreshing native plugins compatible for Editor in 0.59 ms, found 3 plugins.
Preloading 0 native plugins for Editor in 0.00 ms.
Unloading 3501 Unused Serialized files (Serialized files now loaded: 0)
Unloading 28 unused Assets / (468.9 KB). Loaded Objects now: 3984.
Memory consumption went from 155.5 MB to 155.0 MB.
Total: 3.154200 ms (FindLiveObjects: 0.269000 ms CreateObjectMapping: 0.173900 ms MarkObjects: 2.437900 ms  DeleteObjects: 0.272100 ms)

AssetImportParameters requested are different than current active one (requested -> active):
  custom:video-decoder-ogg-theora: a1e56fd34408186e4bbccfd4996cb3dc -> 
  custom:container-muxer-webm: aa71ff27fc2769a1b78a27578f13a17b -> 
  custom:container-demuxer-webm: 4f35f7cbe854078d1ac9338744f61a02 -> 
  custom:video-encoder-webm-vp8: eb34c28f22e8b96e1ab97ce403110664 -> 
  custom:audio-encoder-webm-vorbis: bf7c407c2cedff20999df2af8eb42d56 -> 
  custom:framework-win-MediaFoundation: 216162199b28c13a410421893ffa2e32 -> 
  custom:container-demuxer-ogg: 62fdf1f143b41e24485cea50d1cbac27 -> 
  custom:video-decoder-webm-vp8: 9c59270c3fd7afecdb556c50c9e8de78 -> 
  custom:audio-decoder-ogg-vorbis: bf7c407c2cedff20999df2af8eb42d56 -> 
========================================================================
Received Import Request.
  Time since last request: 1018098.525088 seconds.
  path: Assets/External Assets/Standard Assets/Environment/TerrainAssets/SurfaceTextures/NewBrush.brush
  artifactKey: Guid(a3fc9cf05b71928418f7ecd2fda0e2e0) Importer(815301076,1909f56bfc062723c751e8b465ee728b)
Start importing Assets/External Assets/Standard Assets/Environment/TerrainAssets/SurfaceTextures/NewBrush.brush using Guid(a3fc9cf05b71928418f7ecd2fda0e2e0) Importer(815301076,1909f56bfc062723c751e8b465ee728b)  -> (artifact id: 'bb06b6128821977f1eaa3b7723754b49') in 1.598774 seconds 
========================================================================
Received Import Request.
  Time since last request: 175.188881 seconds.
  path: Assets/Gizmos
  artifactKey: Guid(a3241f7ba15344c488604f8c3dcbdadb) Importer(815301076,1909f56bfc062723c751e8b465ee728b)
Start importing Assets/Gizmos using Guid(a3241f7ba15344c488604f8c3dcbdadb) Importer(815301076,1909f56bfc062723c751e8b465ee728b)  -> (artifact id: '9f12608c413d517713f4e9eae3fded40') in 0.005231 seconds 
========================================================================
Received Import Request.
  Time since last request: 0.198976 seconds.
  path: Assets/Gizmos/brush_0.png
  artifactKey: Guid(1c0b8f35d99a96f46a5f056977de8054) Importer(815301076,1909f56bfc062723c751e8b465ee728b)
Start importing Assets/Gizmos/brush_0.png using Guid(1c0b8f35d99a96f46a5f056977de8054) Importer(815301076,1909f56bfc062723c751e8b465ee728b)  -> (artifact id: 'f15e37fd96cef7074f928513998ac0aa') in 0.029070 seconds 
========================================================================
Received Import Request.
  Time since last request: 0.000016 seconds.
  path: Assets/Gizmos/brush_4.png
  artifactKey: Guid(62a1932872143734a96bd799d59e7bca) Importer(815301076,1909f56bfc062723c751e8b465ee728b)
Start importing Assets/Gizmos/brush_4.png using Guid(62a1932872143734a96bd799d59e7bca) Importer(815301076,1909f56bfc062723c751e8b465ee728b)  -> (artifact id: '70ef8826848a2526d4701dcc86d0bdf8') in 0.011890 seconds 
========================================================================
Received Import Request.
  Time since last request: 0.000058 seconds.
  path: Assets/Gizmos/brush_29.png
  artifactKey: Guid(df0bbaedccd5a41448efb97bcb6506fc) Importer(815301076,1909f56bfc062723c751e8b465ee728b)
Start importing Assets/Gizmos/brush_29.png using Guid(df0bbaedccd5a41448efb97bcb6506fc) Importer(815301076,1909f56bfc062723c751e8b465ee728b)  -> (artifact id: 'b9f33954734ec8160739052652b0a04d') in 0.016207 seconds 
========================================================================
Received Import Request.
  Time since last request: 0.000021 seconds.
  path: Assets/Gizmos/brush_33.png
  artifactKey: Guid(9d5e673e12b5b7646a6404a94664601e) Importer(815301076,1909f56bfc062723c751e8b465ee728b)
Start importing Assets/Gizmos/brush_33.png using Guid(9d5e673e12b5b7646a6404a94664601e) Importer(815301076,1909f56bfc062723c751e8b465ee728b)  -> (artifact id: 'c5c27a022172e45465685a2a50ded22d') in 0.017646 seconds 
========================================================================
Received Import Request.
  Time since last request: 0.000022 seconds.
  path: Assets/Gizmos/brush_3.png
  artifactKey: Guid(e2c8bbb846fcb8d4d8debd89b523acb8) Importer(815301076,1909f56bfc062723c751e8b465ee728b)
Start importing Assets/Gizmos/brush_3.png using Guid(e2c8bbb846fcb8d4d8debd89b523acb8) Importer(815301076,1909f56bfc062723c751e8b465ee728b)  -> (artifact id: '9ffe5c1bd2e92e55efe092c3c0f6deb4') in 0.012917 seconds 
========================================================================
Received Import Request.
  Time since last request: 0.000018 seconds.
  path: Assets/Gizmos/brush_19.png
  artifactKey: Guid(edc2a77efd58aa64fbc6a5bb61a84ab0) Importer(815301076,1909f56bfc062723c751e8b465ee728b)
Start importing Assets/Gizmos/brush_19.png using Guid(edc2a77efd58aa64fbc6a5bb61a84ab0) Importer(815301076,1909f56bfc062723c751e8b465ee728b)  -> (artifact id: '3d59804b3cf86cb32367a9f033e12ea1') in 0.014356 seconds 
========================================================================
Received Import Request.
  Time since last request: 0.000041 seconds.
  path: Assets/Gizmos/brush_5.png
  artifactKey: Guid(8d922fd37db7e7b4eb2658c00ff34a72) Importer(815301076,1909f56bfc062723c751e8b465ee728b)
Start importing Assets/Gizmos/brush_5.png using Guid(8d922fd37db7e7b4eb2658c00ff34a72) Importer(815301076,1909f56bfc062723c751e8b465ee728b)  -> (artifact id: '60e57e23227a572c0081a4d1c083708e') in 0.013688 seconds 
========================================================================
Received Import Request.
  Time since last request: 0.000022 seconds.
  path: Assets/Gizmos/brush_7.png
  artifactKey: Guid(623ca621fc7c5424db7f415cc9fe49a5) Importer(815301076,1909f56bfc062723c751e8b465ee728b)
Start importing Assets/Gizmos/brush_7.png using Guid(623ca621fc7c5424db7f415cc9fe49a5) Importer(815301076,1909f56bfc062723c751e8b465ee728b)  -> (artifact id: '538ad4ed437517b1387587e88d8e81eb') in 0.016317 seconds 
========================================================================
Received Import Request.
  Time since last request: 0.000021 seconds.
  path: Assets/Gizmos/brush_10.png
  artifactKey: Guid(0222d502578aee643a58cb5a7dbdb902) Importer(815301076,1909f56bfc062723c751e8b465ee728b)
Start importing Assets/Gizmos/brush_10.png using Guid(0222d502578aee643a58cb5a7dbdb902) Importer(815301076,1909f56bfc062723c751e8b465ee728b)  -> (artifact id: '95d880f390bacf8e708a29930dc8aca0') in 0.016197 seconds 
========================================================================
Received Import Request.
  Time since last request: 0.000021 seconds.
  path: Assets/Gizmos/brush_11.png
  artifactKey: Guid(e46cd0184ca73d148b5037508c2eafc1) Importer(815301076,1909f56bfc062723c751e8b465ee728b)
Start importing Assets/Gizmos/brush_11.png using Guid(e46cd0184ca73d148b5037508c2eafc1) Importer(815301076,1909f56bfc062723c751e8b465ee728b)  -> (artifact id: 'f735eb1f6c9890e603e6e50d724f1c4e') in 0.011719 seconds 
========================================================================
Received Import Request.
  Time since last request: 0.000022 seconds.
  path: Assets/Gizmos/brush_24.png
  artifactKey: Guid(960f9382338394d4b9c51d1bf1bc7115) Importer(815301076,1909f56bfc062723c751e8b465ee728b)
Start importing Assets/Gizmos/brush_24.png using Guid(960f9382338394d4b9c51d1bf1bc7115) Importer(815301076,1909f56bfc062723c751e8b465ee728b)  -> (artifact id: '745aeeca5ac3889007531ace9a6e314d') in 0.012795 seconds 
========================================================================
Received Import Request.
  Time since last request: 0.000028 seconds.
  path: Assets/Gizmos/brush_12.png
  artifactKey: Guid(732c89df767e4034195ca70d31f3cd0b) Importer(815301076,1909f56bfc062723c751e8b465ee728b)
Start importing Assets/Gizmos/brush_12.png using Guid(732c89df767e4034195ca70d31f3cd0b) Importer(815301076,1909f56bfc062723c751e8b465ee728b)  -> (artifact id: 'fae2ff0787f120b72300f112913133c6') in 0.014446 seconds 
========================================================================
Received Import Request.
  Time since last request: 0.000031 seconds.
  path: Assets/Gizmos/brush_26.png
  artifactKey: Guid(ce02d62f5dbbbc947b59dfa09e646df9) Importer(815301076,1909f56bfc062723c751e8b465ee728b)
Start importing Assets/Gizmos/brush_26.png using Guid(ce02d62f5dbbbc947b59dfa09e646df9) Importer(815301076,1909f56bfc062723c751e8b465ee728b)  -> (artifact id: '0a67397b57b595c49f30e1bfa17a6410') in 0.016392 seconds 
========================================================================
Received Import Request.
  Time since last request: 0.000021 seconds.
  path: Assets/Gizmos/brush_31.png
  artifactKey: Guid(e532e57deda7bfe4e9d942c8691bacd4) Importer(815301076,1909f56bfc062723c751e8b465ee728b)
Start importing Assets/Gizmos/brush_31.png using Guid(e532e57deda7bfe4e9d942c8691bacd4) Importer(815301076,1909f56bfc062723c751e8b465ee728b)  -> (artifact id: '527a87793840ef0efc8ab6e95b91e2b0') in 0.008957 seconds 
========================================================================
Received Import Request.
  Time since last request: 0.000021 seconds.
  path: Assets/Gizmos/brush_14.png
  artifactKey: Guid(8bb140879efca204eb79227fdf8afd98) Importer(815301076,1909f56bfc062723c751e8b465ee728b)
Start importing Assets/Gizmos/brush_14.png using Guid(8bb140879efca204eb79227fdf8afd98) Importer(815301076,1909f56bfc062723c751e8b465ee728b)  -> (artifact id: 'f863f46d25cfa0f676d5802e1a059339') in 0.008805 seconds 
========================================================================
Received Import Request.
  Time since last request: 0.000022 seconds.
  path: Assets/Gizmos/brush_17.png
  artifactKey: Guid(5d1ded4eae6ad8443825e3d121195a94) Importer(815301076,1909f56bfc062723c751e8b465ee728b)
Start importing Assets/Gizmos/brush_17.png using Guid(5d1ded4eae6ad8443825e3d121195a94) Importer(815301076,1909f56bfc062723c751e8b465ee728b)  -> (artifact id: '507e3ffcec429bfd63597e01376ad38b') in 0.009031 seconds 
========================================================================
Received Import Request.
  Time since last request: 0.000021 seconds.
  path: Assets/Gizmos/brush_13.png
  artifactKey: Guid(1278a571a2ee9d441bedd9b216e6ba2a) Importer(815301076,1909f56bfc062723c751e8b465ee728b)
Start importing Assets/Gizmos/brush_13.png using Guid(1278a571a2ee9d441bedd9b216e6ba2a) Importer(815301076,1909f56bfc062723c751e8b465ee728b)  -> (artifact id: '00a6e798561cbf81f2c16bf3def9953c') in 0.009069 seconds 
========================================================================
Received Import Request.
  Time since last request: 0.000023 seconds.
  path: Assets/Gizmos/brush_1.png
  artifactKey: Guid(6d9b154a176e7054096102650ff93c3d) Importer(815301076,1909f56bfc062723c751e8b465ee728b)
Start importing Assets/Gizmos/brush_1.png using Guid(6d9b154a176e7054096102650ff93c3d) Importer(815301076,1909f56bfc062723c751e8b465ee728b)  -> (artifact id: '47c11fc0af8081791448e66d62995934') in 0.009830 seconds 
========================================================================
Received Import Request.
  Time since last request: 0.000018 seconds.
  path: Assets/Gizmos/brush_8.png
  artifactKey: Guid(0ab1c9637368ba64f8de8f4721e523f3) Importer(815301076,1909f56bfc062723c751e8b465ee728b)
Start importing Assets/Gizmos/brush_8.png using Guid(0ab1c9637368ba64f8de8f4721e523f3) Importer(815301076,1909f56bfc062723c751e8b465ee728b)  -> (artifact id: 'de67d4852539dfe15e9834bf505d66af') in 0.009319 seconds 
========================================================================
Received Import Request.
  Time since last request: 0.000017 seconds.
  path: Assets/Gizmos/brush_21.png
  artifactKey: Guid(ca7952c4c28c18c45a2fa634f9bebc0c) Importer(815301076,1909f56bfc062723c751e8b465ee728b)
Start importing Assets/Gizmos/brush_21.png using Guid(ca7952c4c28c18c45a2fa634f9bebc0c) Importer(815301076,1909f56bfc062723c751e8b465ee728b)  -> (artifact id: '01c4bc999939fb610680e5b43b54d845') in 0.009866 seconds 
========================================================================
Received Import Request.
  Time since last request: 0.000018 seconds.
  path: Assets/Gizmos/brush_9.png
  artifactKey: Guid(9a836a9225527a143aab3b0fdb045bf3) Importer(815301076,1909f56bfc062723c751e8b465ee728b)
Start importing Assets/Gizmos/brush_9.png using Guid(9a836a9225527a143aab3b0fdb045bf3) Importer(815301076,1909f56bfc062723c751e8b465ee728b)  -> (artifact id: '492c4f1084db3616b11feeee6a0ff97f') in 0.008973 seconds 
========================================================================
Received Import Request.
  Time since last request: 0.000017 seconds.
  path: Assets/Gizmos/brush_16.png
  artifactKey: Guid(f9e54a8ea6aae8343a7f20a254ac4687) Importer(815301076,1909f56bfc062723c751e8b465ee728b)
Start importing Assets/Gizmos/brush_16.png using Guid(f9e54a8ea6aae8343a7f20a254ac4687) Importer(815301076,1909f56bfc062723c751e8b465ee728b)  -> (artifact id: 'b609d7d614fa3ac798c55d16f56422ac') in 0.009135 seconds 
========================================================================
Received Import Request.
  Time since last request: 0.000018 seconds.
  path: Assets/Gizmos/brush_15.png
  artifactKey: Guid(5ebfdb537b9bf9247a8fc895015d8c5c) Importer(815301076,1909f56bfc062723c751e8b465ee728b)
Start importing Assets/Gizmos/brush_15.png using Guid(5ebfdb537b9bf9247a8fc895015d8c5c) Importer(815301076,1909f56bfc062723c751e8b465ee728b)  -> (artifact id: 'cafcb412fdea6017ea1b7c6ab83824bc') in 0.009213 seconds 
========================================================================
Received Import Request.
  Time since last request: 0.000017 seconds.
  path: Assets/Gizmos/brush_18.png
  artifactKey: Guid(00f8b496ec27f8d44aece2b20cfd254a) Importer(815301076,1909f56bfc062723c751e8b465ee728b)
Start importing Assets/Gizmos/brush_18.png using Guid(00f8b496ec27f8d44aece2b20cfd254a) Importer(815301076,1909f56bfc062723c751e8b465ee728b)  -> (artifact id: '17901026b0de07086db13a23adcf5265') in 0.009150 seconds 
========================================================================
Received Import Request.
  Time since last request: 0.000017 seconds.
  path: Assets/Gizmos/brush_27.png
  artifactKey: Guid(b021b98f8eff8964aae5b7173e3ec53f) Importer(815301076,1909f56bfc062723c751e8b465ee728b)
Start importing Assets/Gizmos/brush_27.png using Guid(b021b98f8eff8964aae5b7173e3ec53f) Importer(815301076,1909f56bfc062723c751e8b465ee728b)  -> (artifact id: '89aa68c318236895bf9025a3bb82bdf6') in 0.010733 seconds 
========================================================================
Received Import Request.
  Time since last request: 0.000023 seconds.
  path: Assets/Gizmos/brush_28.png
  artifactKey: Guid(db2e96a82d6e4ab4282339e6ac424c1f) Importer(815301076,1909f56bfc062723c751e8b465ee728b)
Start importing Assets/Gizmos/brush_28.png using Guid(db2e96a82d6e4ab4282339e6ac424c1f) Importer(815301076,1909f56bfc062723c751e8b465ee728b)  -> (artifact id: '37689b5b7ed13ea181057a193f3773ca') in 0.009970 seconds 
========================================================================
Received Import Request.
  Time since last request: 0.000026 seconds.
  path: Assets/Gizmos/brush_2.png
  artifactKey: Guid(4a73379fa824eee4b92b359a3d46f468) Importer(815301076,1909f56bfc062723c751e8b465ee728b)
Start importing Assets/Gizmos/brush_2.png using Guid(4a73379fa824eee4b92b359a3d46f468) Importer(815301076,1909f56bfc062723c751e8b465ee728b)  -> (artifact id: '4b44a74b187c8160fa0b1ba7430f5f38') in 0.009349 seconds 
========================================================================
Received Import Request.
  Time since last request: 0.000017 seconds.
  path: Assets/Gizmos/brush_25.png
  artifactKey: Guid(2eb610cf81eed654bb0ccab4aa8acbd5) Importer(815301076,1909f56bfc062723c751e8b465ee728b)
Start importing Assets/Gizmos/brush_25.png using Guid(2eb610cf81eed654bb0ccab4aa8acbd5) Importer(815301076,1909f56bfc062723c751e8b465ee728b)  -> (artifact id: 'a21d406449bd46b0c708bb112020ac3f') in 0.009127 seconds 
========================================================================
Received Import Request.
  Time since last request: 0.000016 seconds.
  path: Assets/Gizmos/brush_30.png
  artifactKey: Guid(4b720ef86771a3c46b80ac0ca8bd516d) Importer(815301076,1909f56bfc062723c751e8b465ee728b)
Start importing Assets/Gizmos/brush_30.png using Guid(4b720ef86771a3c46b80ac0ca8bd516d) Importer(815301076,1909f56bfc062723c751e8b465ee728b)  -> (artifact id: '26e79f17fd717dfc5497d2ecabfee6f3') in 0.009129 seconds 
========================================================================
Received Import Request.
  Time since last request: 0.000019 seconds.
  path: Assets/Gizmos/brush_34.png
  artifactKey: Guid(1f96ec607eb18f941af51e6add2a4c7d) Importer(815301076,1909f56bfc062723c751e8b465ee728b)
Start importing Assets/Gizmos/brush_34.png using Guid(1f96ec607eb18f941af51e6add2a4c7d) Importer(815301076,1909f56bfc062723c751e8b465ee728b)  -> (artifact id: 'ffc4ec4ac648e41a9797085bdb968592') in 0.009301 seconds 
========================================================================
Received Import Request.
  Time since last request: 0.000015 seconds.
  path: Assets/Gizmos/brush_22.png
  artifactKey: Guid(5dddb1efb8865a44da02e15c7c68f128) Importer(815301076,1909f56bfc062723c751e8b465ee728b)
Start importing Assets/Gizmos/brush_22.png using Guid(5dddb1efb8865a44da02e15c7c68f128) Importer(815301076,1909f56bfc062723c751e8b465ee728b)  -> (artifact id: '39da564c39906e3e2ad112fd8cb3dbaf') in 0.008732 seconds 
========================================================================
Received Import Request.
  Time since last request: 0.000017 seconds.
  path: Assets/Gizmos/brush_20.png
  artifactKey: Guid(52bff338a6973b5448544beea26c873c) Importer(815301076,1909f56bfc062723c751e8b465ee728b)
Start importing Assets/Gizmos/brush_20.png using Guid(52bff338a6973b5448544beea26c873c) Importer(815301076,1909f56bfc062723c751e8b465ee728b)  -> (artifact id: 'b47624a4cee40385b93926cb85f30284') in 0.008691 seconds 
========================================================================
Received Import Request.
  Time since last request: 0.000023 seconds.
  path: Assets/Gizmos/brush_23.png
  artifactKey: Guid(2b84b79f80457c540835b45626c0e77b) Importer(815301076,1909f56bfc062723c751e8b465ee728b)
Start importing Assets/Gizmos/brush_23.png using Guid(2b84b79f80457c540835b45626c0e77b) Importer(815301076,1909f56bfc062723c751e8b465ee728b)  -> (artifact id: 'b20e6a3533ed524813e0d19c03dad200') in 0.009310 seconds 
========================================================================
Received Import Request.
  Time since last request: 0.000022 seconds.
  path: Assets/Gizmos/brush_32.png
  artifactKey: Guid(8876030f599326049a41d429b589adf9) Importer(815301076,1909f56bfc062723c751e8b465ee728b)
Start importing Assets/Gizmos/brush_32.png using Guid(8876030f599326049a41d429b589adf9) Importer(815301076,1909f56bfc062723c751e8b465ee728b)  -> (artifact id: '8927498ed024a399f14451dbdc937fb8') in 0.009106 seconds 
========================================================================
Received Import Request.
  Time since last request: 0.000020 seconds.
  path: Assets/Gizmos/brush_6.png
  artifactKey: Guid(33c876b70f3c4d349b8a1925112ef930) Importer(815301076,1909f56bfc062723c751e8b465ee728b)
Start importing Assets/Gizmos/brush_6.png using Guid(33c876b70f3c4d349b8a1925112ef930) Importer(815301076,1909f56bfc062723c751e8b465ee728b)  -> (artifact id: 'fd60196fed04522a60b1aef17ffb9020') in 0.008885 seconds 
========================================================================
Received Prepare
Registering precompiled user dll's ...
Registered in 0.003161 seconds.
Begin MonoManager ReloadAssembly
Symbol file LoadedFromMemory doesn't match image D:\GitHub\RPGProject\RPG Project\Library\PackageCache\com.unity.visualscripting@1.7.6\Editor\VisualScripting.Core\Dependencies\YamlDotNet\Unity.VisualScripting.YamlDotNet.dll
Symbol file LoadedFromMemory doesn't match image D:\GitHub\RPGProject\RPG Project\Library\PackageCache\com.unity.visualscripting@1.7.6\Editor\VisualScripting.Core\Dependencies\DotNetZip\Unity.VisualScripting.IonicZip.dll
Native extension for WindowsStandalone target not found
Refreshing native plugins compatible for Editor in 0.70 ms, found 3 plugins.
Preloading 0 native plugins for Editor in 0.00 ms.
Mono: successfully reloaded assembly
- Completed reload, in  0.989 seconds
Domain Reload Profiling:
	ReloadAssembly (990ms)
		BeginReloadAssembly (144ms)
			ExecutionOrderSort (0ms)
			DisableScriptedObjects (6ms)
			BackupInstance (0ms)
			ReleaseScriptingObjects (0ms)
			CreateAndSetChildDomain (39ms)
		EndReloadAssembly (744ms)
			LoadAssemblies (74ms)
			RebuildTransferFunctionScriptingTraits (0ms)
			SetupTypeCache (261ms)
			ReleaseScriptCaches (1ms)
			RebuildScriptCaches (41ms)
			SetupLoadedEditorAssemblies (321ms)
				LogAssemblyErrors (0ms)
				InitializePlatformSupportModulesInManaged (12ms)
				SetLoadedEditorAssemblies (0ms)
				RefreshPlugins (1ms)
				BeforeProcessingInitializeOnLoad (62ms)
				ProcessInitializeOnLoadAttributes (210ms)
				ProcessInitializeOnLoadMethodAttributes (28ms)
				AfterProcessingInitializeOnLoad (8ms)
				EditorAssembliesLoaded (0ms)
			ExecutionOrderSort2 (0ms)
			AwakeInstancesAfterBackupRestoration (16ms)
Platform modules already initialized, skipping
Refreshing native plugins compatible for Editor in 0.75 ms, found 3 plugins.
Preloading 0 native plugins for Editor in 0.00 ms.
Unloading 3416 Unused Serialized files (Serialized files now loaded: 0)
Unloading 23 unused Assets / (445.4 KB). Loaded Objects now: 4487.
Memory consumption went from 165.3 MB to 164.9 MB.
Total: 2.983900 ms (FindLiveObjects: 0.330500 ms CreateObjectMapping: 0.204900 ms MarkObjects: 2.203800 ms  DeleteObjects: 0.243200 ms)

AssetImportParameters requested are different than current active one (requested -> active):
  custom:video-decoder-ogg-theora: a1e56fd34408186e4bbccfd4996cb3dc -> 
  custom:container-muxer-webm: aa71ff27fc2769a1b78a27578f13a17b -> 
  custom:container-demuxer-webm: 4f35f7cbe854078d1ac9338744f61a02 -> 
  custom:video-encoder-webm-vp8: eb34c28f22e8b96e1ab97ce403110664 -> 
  custom:audio-encoder-webm-vorbis: bf7c407c2cedff20999df2af8eb42d56 -> 
  custom:framework-win-MediaFoundation: 216162199b28c13a410421893ffa2e32 -> 
  custom:container-demuxer-ogg: 62fdf1f143b41e24485cea50d1cbac27 -> 
  custom:video-decoder-webm-vp8: 9c59270c3fd7afecdb556c50c9e8de78 -> 
  custom:audio-decoder-ogg-vorbis: bf7c407c2cedff20999df2af8eb42d56 -> 
========================================================================
Received Import Request.
  Time since last request: 258.604363 seconds.
  path: Assets/NoiseBrush
  artifactKey: Guid(6a8f1f88b9f89c54ca8a5eead2dcddea) Importer(815301076,1909f56bfc062723c751e8b465ee728b)
Start importing Assets/NoiseBrush using Guid(6a8f1f88b9f89c54ca8a5eead2dcddea) Importer(815301076,1909f56bfc062723c751e8b465ee728b)  -> (artifact id: '67ed413f55483c37700b107f73681bce') in 0.011542 seconds 
========================================================================
Received Import Request.
  Time since last request: 0.701603 seconds.
  path: Assets/NoiseBrush/Scripts
  artifactKey: Guid(9420e3bc537ba084c85a2f0e6073a8fc) Importer(815301076,1909f56bfc062723c751e8b465ee728b)
Start importing Assets/NoiseBrush/Scripts using Guid(9420e3bc537ba084c85a2f0e6073a8fc) Importer(815301076,1909f56bfc062723c751e8b465ee728b)  -> (artifact id: '4cd25b02fa2de52a37b865e384484222') in 0.005608 seconds 
========================================================================
Received Import Request.
  Time since last request: 0.684566 seconds.
  path: Assets/NoiseBrush/Scripts/Editor
  artifactKey: Guid(90445785b66515e46991fbef0d041035) Importer(815301076,1909f56bfc062723c751e8b465ee728b)
Start importing Assets/NoiseBrush/Scripts/Editor using Guid(90445785b66515e46991fbef0d041035) Importer(815301076,1909f56bfc062723c751e8b465ee728b)  -> (artifact id: '4b86e6229d77418bc67aaebe899a1d4f') in 0.004866 seconds 
========================================================================
Received Import Request.
  Time since last request: 0.622125 seconds.
  path: Assets/NoiseBrush/Scripts/Editor/Resources
  artifactKey: Guid(90344790c5336344196d0d1188947883) Importer(815301076,1909f56bfc062723c751e8b465ee728b)
Start importing Assets/NoiseBrush/Scripts/Editor/Resources using Guid(90344790c5336344196d0d1188947883) Importer(815301076,1909f56bfc062723c751e8b465ee728b)  -> (artifact id: '1d5fb1d7a2ab3190b5addca3b0f378bc') in 0.004882 seconds 
========================================================================
Received Import Request.
  Time since last request: 0.049970 seconds.
  path: Assets/NoiseBrush/Scripts/Editor/Resources/ErosionBrushHydraulic.png
  artifactKey: Guid(aaaf4e4e3ee9e4948b5393f13c641a3c) Importer(815301076,1909f56bfc062723c751e8b465ee728b)
Start importing Assets/NoiseBrush/Scripts/Editor/Resources/ErosionBrushHydraulic.png using Guid(aaaf4e4e3ee9e4948b5393f13c641a3c) Importer(815301076,1909f56bfc062723c751e8b465ee728b)  -> (artifact id: '4a308e4c2ee2f4c9e57aa4e8f01b1013') in 0.038640 seconds 
========================================================================
Received Import Request.
  Time since last request: 0.000015 seconds.
  path: Assets/NoiseBrush/Scripts/Editor/Resources/ErosionBrushIcon.jpg
  artifactKey: Guid(c0057661571289249ab08decdf88655c) Importer(815301076,1909f56bfc062723c751e8b465ee728b)
Start importing Assets/NoiseBrush/Scripts/Editor/Resources/ErosionBrushIcon.jpg using Guid(c0057661571289249ab08decdf88655c) Importer(815301076,1909f56bfc062723c751e8b465ee728b)  -> (artifact id: '228e96349ed68e79c639c9117768e0a3') in 0.011980 seconds 
========================================================================
Received Import Request.
  Time since last request: 0.000021 seconds.
  path: Assets/NoiseBrush/Scripts/Editor/Resources/ErosionBrushWind.png
  artifactKey: Guid(41dcc656a9d9ef04e8d7f7c1ca54e1b1) Importer(815301076,1909f56bfc062723c751e8b465ee728b)
Start importing Assets/NoiseBrush/Scripts/Editor/Resources/ErosionBrushWind.png using Guid(41dcc656a9d9ef04e8d7f7c1ca54e1b1) Importer(815301076,1909f56bfc062723c751e8b465ee728b)  -> (artifact id: 'cbe84c022256cafda27046d94310050a') in 0.012560 seconds 
========================================================================
Received Import Request.
  Time since last request: 0.000024 seconds.
  path: Assets/NoiseBrush/Scripts/Editor/Resources/ErosionBrushNoise.png
  artifactKey: Guid(652b733ceedd0b0449949349087157f6) Importer(815301076,1909f56bfc062723c751e8b465ee728b)
Start importing Assets/NoiseBrush/Scripts/Editor/Resources/ErosionBrushNoise.png using Guid(652b733ceedd0b0449949349087157f6) Importer(815301076,1909f56bfc062723c751e8b465ee728b)  -> (artifact id: '041b9bede67a0ddd3330cac5f14c30a6') in 0.016012 seconds 
========================================================================
Received Import Request.
  Time since last request: 5.063867 seconds.
  path: Assets/NoiseBrush/Demo
  artifactKey: Guid(3c106fae5ae99c24aa6376b884198448) Importer(815301076,1909f56bfc062723c751e8b465ee728b)
Start importing Assets/NoiseBrush/Demo using Guid(3c106fae5ae99c24aa6376b884198448) Importer(815301076,1909f56bfc062723c751e8b465ee728b)  -> (artifact id: '493fb322dda8922b214c8b3e9d85459f') in 0.004839 seconds 
========================================================================
Received Import Request.
  Time since last request: 0.073416 seconds.
  path: Assets/NoiseBrush/Demo/TerrainData.asset
  artifactKey: Guid(2f7c2fd4a801c724c89f934b7ce0165f) Importer(815301076,1909f56bfc062723c751e8b465ee728b)
Start importing Assets/NoiseBrush/Demo/TerrainData.asset using Guid(2f7c2fd4a801c724c89f934b7ce0165f) Importer(815301076,1909f56bfc062723c751e8b465ee728b)  -> (artifact id: '148699ab6a2a17b2c558d27cd81f534b') in 0.337749 seconds 
========================================================================
Received Import Request.
  Time since last request: 0.691802 seconds.
  path: Assets/NoiseBrush/Demo/Textures
  artifactKey: Guid(10fd4e7178fbb0f468f2270598302891) Importer(815301076,1909f56bfc062723c751e8b465ee728b)
Start importing Assets/NoiseBrush/Demo/Textures using Guid(10fd4e7178fbb0f468f2270598302891) Importer(815301076,1909f56bfc062723c751e8b465ee728b)  -> (artifact id: 'c14a1242c6e48b79f8b2356e60250324') in 0.005712 seconds 
========================================================================
Received Import Request.
  Time since last request: 0.041301 seconds.
  path: Assets/NoiseBrush/Demo/Textures/GreenGrass.jpg
  artifactKey: Guid(f3b36f9020e746244a54bc8bdd3c68d3) Importer(815301076,1909f56bfc062723c751e8b465ee728b)
Start importing Assets/NoiseBrush/Demo/Textures/GreenGrass.jpg using Guid(f3b36f9020e746244a54bc8bdd3c68d3) Importer(815301076,1909f56bfc062723c751e8b465ee728b)  -> (artifact id: '792e4bdb1ad62be90c5c50fc021e77fd') in 0.020040 seconds 
========================================================================
Received Import Request.
  Time since last request: 0.000015 seconds.
  path: Assets/NoiseBrush/Demo/Textures/Rocks.jpg
  artifactKey: Guid(50139e1e804dc8a43880b34b1bca03be) Importer(815301076,1909f56bfc062723c751e8b465ee728b)
Start importing Assets/NoiseBrush/Demo/Textures/Rocks.jpg using Guid(50139e1e804dc8a43880b34b1bca03be) Importer(815301076,1909f56bfc062723c751e8b465ee728b)  -> (artifact id: '050885574a136e340472882c558a2722') in 0.012923 seconds 
========================================================================
Received Import Request.
  Time since last request: 0.000018 seconds.
  path: Assets/NoiseBrush/Demo/Textures/YellowGrass.jpg
  artifactKey: Guid(69a237d253368594196788ab0f6be73f) Importer(815301076,1909f56bfc062723c751e8b465ee728b)
Start importing Assets/NoiseBrush/Demo/Textures/YellowGrass.jpg using Guid(69a237d253368594196788ab0f6be73f) Importer(815301076,1909f56bfc062723c751e8b465ee728b)  -> (artifact id: 'ff712308d893f03c66bc81f08a3c007b') in 0.014240 seconds 
========================================================================
Received Import Request.
  Time since last request: 0.000015 seconds.
  path: Assets/NoiseBrush/Demo/Textures/GreenGrass_n.jpg
  artifactKey: Guid(781c828c532dae643a256c4c8ac1cbbe) Importer(815301076,1909f56bfc062723c751e8b465ee728b)
Start importing Assets/NoiseBrush/Demo/Textures/GreenGrass_n.jpg using Guid(781c828c532dae643a256c4c8ac1cbbe) Importer(815301076,1909f56bfc062723c751e8b465ee728b)  -> (artifact id: '6cfee07a700bb28d65aa7a92cc332cc1') in 0.030431 seconds 
========================================================================
Received Import Request.
  Time since last request: 0.000020 seconds.
  path: Assets/NoiseBrush/Demo/Textures/YellowGrass_n.jpg
  artifactKey: Guid(c3bd74a01b4a6714fac2720a545a9ea5) Importer(815301076,1909f56bfc062723c751e8b465ee728b)
Start importing Assets/NoiseBrush/Demo/Textures/YellowGrass_n.jpg using Guid(c3bd74a01b4a6714fac2720a545a9ea5) Importer(815301076,1909f56bfc062723c751e8b465ee728b)  -> (artifact id: '506ccb0dc424c3c4d7ab3c9af518272b') in 0.012756 seconds 
========================================================================
Received Import Request.
  Time since last request: 0.000019 seconds.
  path: Assets/NoiseBrush/Demo/Textures/Rocks_n.jpg
  artifactKey: Guid(1905131dc681ce44f8b31e4475ab3925) Importer(815301076,1909f56bfc062723c751e8b465ee728b)
Start importing Assets/NoiseBrush/Demo/Textures/Rocks_n.jpg using Guid(1905131dc681ce44f8b31e4475ab3925) Importer(815301076,1909f56bfc062723c751e8b465ee728b)  -> (artifact id: '46b2c28b6b071214a389113a850ecc43') in 0.013172 seconds 
========================================================================
Received Import Request.
  Time since last request: 0.000016 seconds.
  path: Assets/NoiseBrush/Demo/Textures/Water.mat
  artifactKey: Guid(82163206ac4c58749bfa32e52c4ae160) Importer(815301076,1909f56bfc062723c751e8b465ee728b)
Start importing Assets/NoiseBrush/Demo/Textures/Water.mat using Guid(82163206ac4c58749bfa32e52c4ae160) Importer(815301076,1909f56bfc062723c751e8b465ee728b)  -> (artifact id: '20b58ad8bb83a4c310760214e6f12bf5') in 0.051387 seconds 
========================================================================
Received Import Request.
  Time since last request: 24.109255 seconds.
  path: Assets/_TerrainAutoUpgrade/layer_GreenGrassGreenGrass_n3d3aba195e4d26ee.terrainlayer
  artifactKey: Guid(93aca21d476faa247bd421d6efa15be1) Importer(815301076,1909f56bfc062723c751e8b465ee728b)
Start importing Assets/_TerrainAutoUpgrade/layer_GreenGrassGreenGrass_n3d3aba195e4d26ee.terrainlayer using Guid(93aca21d476faa247bd421d6efa15be1) Importer(815301076,1909f56bfc062723c751e8b465ee728b)  -> (artifact id: 'c3d9c3a6edbb3ce406cb066daaa5ead8') in 0.032814 seconds 
========================================================================
Received Import Request.
  Time since last request: 0.000017 seconds.
  path: Assets/_TerrainAutoUpgrade/layer_YellowGrassYellowGrass_n3d3aba195e4d26ee.terrainlayer
  artifactKey: Guid(f1eb0c293fec12e49a6213f542390927) Importer(815301076,1909f56bfc062723c751e8b465ee728b)
Start importing Assets/_TerrainAutoUpgrade/layer_YellowGrassYellowGrass_n3d3aba195e4d26ee.terrainlayer using Guid(f1eb0c293fec12e49a6213f542390927) Importer(815301076,1909f56bfc062723c751e8b465ee728b)  -> (artifact id: 'e8c2a674eb705b8b6abf5937faf93af3') in 0.016222 seconds 
========================================================================
Received Import Request.
  Time since last request: 0.000020 seconds.
  path: Assets/_TerrainAutoUpgrade/layer_RocksRocks_n3ec942c0ca31c357.terrainlayer
  artifactKey: Guid(d1a11b0cfa772b9468dd14b1678380b3) Importer(815301076,1909f56bfc062723c751e8b465ee728b)
Start importing Assets/_TerrainAutoUpgrade/layer_RocksRocks_n3ec942c0ca31c357.terrainlayer using Guid(d1a11b0cfa772b9468dd14b1678380b3) Importer(815301076,1909f56bfc062723c751e8b465ee728b)  -> (artifact id: '1e8644bbd6bd3ce37762ec7a10873db3') in 0.018331 seconds 
========================================================================
Received Import Request.
  Time since last request: 784.154719 seconds.
  path: Assets/NoiseBrush/Demo/Textures/NewLayer.terrainlayer
  artifactKey: Guid(e3ada169f602b4f409188d665d874437) Importer(815301076,1909f56bfc062723c751e8b465ee728b)
Start importing Assets/NoiseBrush/Demo/Textures/NewLayer.terrainlayer using Guid(e3ada169f602b4f409188d665d874437) Importer(815301076,1909f56bfc062723c751e8b465ee728b)  -> (artifact id: '691287f05df10d49eac00147a247d463') in 0.014988 seconds 
========================================================================
Received Prepare
Registering precompiled user dll's ...
Registered in 0.003563 seconds.
Begin MonoManager ReloadAssembly
Symbol file LoadedFromMemory doesn't match image D:\GitHub\RPGProject\RPG Project\Library\PackageCache\com.unity.visualscripting@1.7.6\Editor\VisualScripting.Core\Dependencies\YamlDotNet\Unity.VisualScripting.YamlDotNet.dll
Symbol file LoadedFromMemory doesn't match image D:\GitHub\RPGProject\RPG Project\Library\PackageCache\com.unity.visualscripting@1.7.6\Editor\VisualScripting.Core\Dependencies\DotNetZip\Unity.VisualScripting.IonicZip.dll
Native extension for WindowsStandalone target not found
Refreshing native plugins compatible for Editor in 0.67 ms, found 3 plugins.
Preloading 0 native plugins for Editor in 0.00 ms.
Mono: successfully reloaded assembly
- Completed reload, in  1.176 seconds
Domain Reload Profiling:
	ReloadAssembly (1177ms)
		BeginReloadAssembly (175ms)
			ExecutionOrderSort (0ms)
			DisableScriptedObjects (11ms)
			BackupInstance (0ms)
			ReleaseScriptingObjects (0ms)
			CreateAndSetChildDomain (42ms)
		EndReloadAssembly (886ms)
			LoadAssemblies (95ms)
			RebuildTransferFunctionScriptingTraits (0ms)
			SetupTypeCache (317ms)
			ReleaseScriptCaches (1ms)
			RebuildScriptCaches (47ms)
			SetupLoadedEditorAssemblies (352ms)
				LogAssemblyErrors (0ms)
				InitializePlatformSupportModulesInManaged (14ms)
				SetLoadedEditorAssemblies (0ms)
				RefreshPlugins (1ms)
				BeforeProcessingInitializeOnLoad (67ms)
				ProcessInitializeOnLoadAttributes (236ms)
				ProcessInitializeOnLoadMethodAttributes (25ms)
				AfterProcessingInitializeOnLoad (8ms)
				EditorAssembliesLoaded (1ms)
			ExecutionOrderSort2 (0ms)
			AwakeInstancesAfterBackupRestoration (20ms)
Platform modules already initialized, skipping
Refreshing native plugins compatible for Editor in 0.62 ms, found 3 plugins.
Preloading 0 native plugins for Editor in 0.00 ms.
Unloading 3444 Unused Serialized files (Serialized files now loaded: 0)
Unloading 23 unused Assets / (437.7 KB). Loaded Objects now: 4715.
Memory consumption went from 178.5 MB to 178.1 MB.
Total: 2.866700 ms (FindLiveObjects: 0.333800 ms CreateObjectMapping: 0.200800 ms MarkObjects: 2.091900 ms  DeleteObjects: 0.239000 ms)

AssetImportParameters requested are different than current active one (requested -> active):
  custom:video-decoder-ogg-theora: a1e56fd34408186e4bbccfd4996cb3dc -> 
  custom:container-muxer-webm: aa71ff27fc2769a1b78a27578f13a17b -> 
  custom:container-demuxer-webm: 4f35f7cbe854078d1ac9338744f61a02 -> 
  custom:video-encoder-webm-vp8: eb34c28f22e8b96e1ab97ce403110664 -> 
  custom:audio-encoder-webm-vorbis: bf7c407c2cedff20999df2af8eb42d56 -> 
  custom:framework-win-MediaFoundation: 216162199b28c13a410421893ffa2e32 -> 
  custom:container-demuxer-ogg: 62fdf1f143b41e24485cea50d1cbac27 -> 
  custom:video-decoder-webm-vp8: 9c59270c3fd7afecdb556c50c9e8de78 -> 
  custom:audio-decoder-ogg-vorbis: bf7c407c2cedff20999df2af8eb42d56 -> 
========================================================================
Received Import Request.
  Time since last request: 160.192075 seconds.
  path: Assets/_TerrainAutoUpgrade
  artifactKey: Guid(83467829a15d0a44fa9472622b0a54ce) Importer(815301076,1909f56bfc062723c751e8b465ee728b)
Start importing Assets/_TerrainAutoUpgrade using Guid(83467829a15d0a44fa9472622b0a54ce) Importer(815301076,1909f56bfc062723c751e8b465ee728b)  -> (artifact id: 'f87c33540571c674d6fc8d5d4c764cc2') in 0.010340 seconds 
========================================================================
Received Import Request.
  Time since last request: 20.366127 seconds.
  path: Assets/Tom's Terrain Tools
  artifactKey: Guid(cc9df66836d9944928e8e413a770a903) Importer(815301076,1909f56bfc062723c751e8b465ee728b)
Start importing Assets/Tom's Terrain Tools using Guid(cc9df66836d9944928e8e413a770a903) Importer(815301076,1909f56bfc062723c751e8b465ee728b)  -> (artifact id: '153cf7fb23a57bbdb06f720785561be4') in 0.005320 seconds 
========================================================================
Received Prepare
Registering precompiled user dll's ...
Registered in 0.003109 seconds.
Begin MonoManager ReloadAssembly
Symbol file LoadedFromMemory doesn't match image D:\GitHub\RPGProject\RPG Project\Library\PackageCache\com.unity.visualscripting@1.7.6\Editor\VisualScripting.Core\Dependencies\YamlDotNet\Unity.VisualScripting.YamlDotNet.dll
Symbol file LoadedFromMemory doesn't match image D:\GitHub\RPGProject\RPG Project\Library\PackageCache\com.unity.visualscripting@1.7.6\Editor\VisualScripting.Core\Dependencies\DotNetZip\Unity.VisualScripting.IonicZip.dll
Native extension for WindowsStandalone target not found
Refreshing native plugins compatible for Editor in 0.62 ms, found 3 plugins.
Preloading 0 native plugins for Editor in 0.00 ms.
Mono: successfully reloaded assembly
- Completed reload, in  0.954 seconds
Domain Reload Profiling:
	ReloadAssembly (955ms)
		BeginReloadAssembly (135ms)
			ExecutionOrderSort (0ms)
			DisableScriptedObjects (10ms)
			BackupInstance (0ms)
			ReleaseScriptingObjects (0ms)
			CreateAndSetChildDomain (34ms)
		EndReloadAssembly (728ms)
			LoadAssemblies (71ms)
			RebuildTransferFunctionScriptingTraits (0ms)
			SetupTypeCache (260ms)
			ReleaseScriptCaches (1ms)
			RebuildScriptCaches (40ms)
			SetupLoadedEditorAssemblies (309ms)
				LogAssemblyErrors (0ms)
				InitializePlatformSupportModulesInManaged (12ms)
				SetLoadedEditorAssemblies (0ms)
				RefreshPlugins (1ms)
				BeforeProcessingInitializeOnLoad (61ms)
				ProcessInitializeOnLoadAttributes (205ms)
				ProcessInitializeOnLoadMethodAttributes (22ms)
				AfterProcessingInitializeOnLoad (8ms)
				EditorAssembliesLoaded (0ms)
			ExecutionOrderSort2 (0ms)
			AwakeInstancesAfterBackupRestoration (16ms)
Platform modules already initialized, skipping
Refreshing native plugins compatible for Editor in 0.62 ms, found 3 plugins.
Preloading 0 native plugins for Editor in 0.00 ms.
Unloading 3433 Unused Serialized files (Serialized files now loaded: 0)
Unloading 23 unused Assets / (437.6 KB). Loaded Objects now: 4717.
Memory consumption went from 178.2 MB to 177.8 MB.
Total: 3.123500 ms (FindLiveObjects: 0.366700 ms CreateObjectMapping: 0.221700 ms MarkObjects: 2.295200 ms  DeleteObjects: 0.238700 ms)

AssetImportParameters requested are different than current active one (requested -> active):
  custom:video-decoder-ogg-theora: a1e56fd34408186e4bbccfd4996cb3dc -> 
  custom:container-muxer-webm: aa71ff27fc2769a1b78a27578f13a17b -> 
  custom:container-demuxer-webm: 4f35f7cbe854078d1ac9338744f61a02 -> 
  custom:video-encoder-webm-vp8: eb34c28f22e8b96e1ab97ce403110664 -> 
  custom:audio-encoder-webm-vorbis: bf7c407c2cedff20999df2af8eb42d56 -> 
  custom:framework-win-MediaFoundation: 216162199b28c13a410421893ffa2e32 -> 
  custom:container-demuxer-ogg: 62fdf1f143b41e24485cea50d1cbac27 -> 
  custom:video-decoder-webm-vp8: 9c59270c3fd7afecdb556c50c9e8de78 -> 
  custom:audio-decoder-ogg-vorbis: bf7c407c2cedff20999df2af8eb42d56 -> 
========================================================================
Received Prepare
Registering precompiled user dll's ...
Registered in 0.003331 seconds.
Begin MonoManager ReloadAssembly
Symbol file LoadedFromMemory doesn't match image D:\GitHub\RPGProject\RPG Project\Library\PackageCache\com.unity.visualscripting@1.7.6\Editor\VisualScripting.Core\Dependencies\YamlDotNet\Unity.VisualScripting.YamlDotNet.dll
Symbol file LoadedFromMemory doesn't match image D:\GitHub\RPGProject\RPG Project\Library\PackageCache\com.unity.visualscripting@1.7.6\Editor\VisualScripting.Core\Dependencies\DotNetZip\Unity.VisualScripting.IonicZip.dll
Native extension for WindowsStandalone target not found
Refreshing native plugins compatible for Editor in 0.63 ms, found 3 plugins.
Preloading 0 native plugins for Editor in 0.00 ms.
Mono: successfully reloaded assembly
- Completed reload, in  0.986 seconds
Domain Reload Profiling:
	ReloadAssembly (986ms)
		BeginReloadAssembly (138ms)
			ExecutionOrderSort (0ms)
			DisableScriptedObjects (9ms)
			BackupInstance (0ms)
			ReleaseScriptingObjects (0ms)
			CreateAndSetChildDomain (31ms)
		EndReloadAssembly (756ms)
			LoadAssemblies (74ms)
			RebuildTransferFunctionScriptingTraits (0ms)
			SetupTypeCache (240ms)
			ReleaseScriptCaches (1ms)
			RebuildScriptCaches (43ms)
			SetupLoadedEditorAssemblies (341ms)
				LogAssemblyErrors (0ms)
				InitializePlatformSupportModulesInManaged (12ms)
				SetLoadedEditorAssemblies (0ms)
				RefreshPlugins (1ms)
				BeforeProcessingInitializeOnLoad (63ms)
				ProcessInitializeOnLoadAttributes (231ms)
				ProcessInitializeOnLoadMethodAttributes (24ms)
				AfterProcessingInitializeOnLoad (9ms)
				EditorAssembliesLoaded (0ms)
			ExecutionOrderSort2 (0ms)
			AwakeInstancesAfterBackupRestoration (19ms)
Platform modules already initialized, skipping
Refreshing native plugins compatible for Editor in 0.98 ms, found 3 plugins.
Preloading 0 native plugins for Editor in 0.00 ms.
Unloading 3433 Unused Serialized files (Serialized files now loaded: 0)
Unloading 23 unused Assets / (437.9 KB). Loaded Objects now: 4719.
Memory consumption went from 178.3 MB to 177.8 MB.
Total: 3.243100 ms (FindLiveObjects: 0.615000 ms CreateObjectMapping: 0.244700 ms MarkObjects: 2.122700 ms  DeleteObjects: 0.260000 ms)

AssetImportParameters requested are different than current active one (requested -> active):
  custom:video-decoder-ogg-theora: a1e56fd34408186e4bbccfd4996cb3dc -> 
  custom:container-muxer-webm: aa71ff27fc2769a1b78a27578f13a17b -> 
  custom:container-demuxer-webm: 4f35f7cbe854078d1ac9338744f61a02 -> 
  custom:video-encoder-webm-vp8: eb34c28f22e8b96e1ab97ce403110664 -> 
  custom:audio-encoder-webm-vorbis: bf7c407c2cedff20999df2af8eb42d56 -> 
  custom:framework-win-MediaFoundation: 216162199b28c13a410421893ffa2e32 -> 
  custom:container-demuxer-ogg: 62fdf1f143b41e24485cea50d1cbac27 -> 
  custom:video-decoder-webm-vp8: 9c59270c3fd7afecdb556c50c9e8de78 -> 
  custom:audio-decoder-ogg-vorbis: bf7c407c2cedff20999df2af8eb42d56 -> 
========================================================================
Received Import Request.
  Time since last request: 18.496207 seconds.
  path: Assets/External Assets/Standard Assets/Environment/TerrainAssets/SurfaceTextures/NewBrush.brush
  artifactKey: Guid(a3fc9cf05b71928418f7ecd2fda0e2e0) Importer(815301076,1909f56bfc062723c751e8b465ee728b)
Start importing Assets/External Assets/Standard Assets/Environment/TerrainAssets/SurfaceTextures/NewBrush.brush using Guid(a3fc9cf05b71928418f7ecd2fda0e2e0) Importer(815301076,1909f56bfc062723c751e8b465ee728b)  -> (artifact id: '26594a76f60a785b03478184283314aa') in 0.056656 seconds 
========================================================================
Received Import Request.
  Time since last request: 352.078127 seconds.
  path: Assets/External Assets/NewBrush.brush
  artifactKey: Guid(f3f22c42d51fce84f8a3243675e0d064) Importer(815301076,1909f56bfc062723c751e8b465ee728b)
Start importing Assets/External Assets/NewBrush.brush using Guid(f3f22c42d51fce84f8a3243675e0d064) Importer(815301076,1909f56bfc062723c751e8b465ee728b)  -> (artifact id: 'fd51cacd5bfb2037921bb33e778d9181') in 0.012737 seconds 
========================================================================
Received Import Request.
  Time since last request: 0.933059 seconds.
  path: Assets/External Assets/_TerrainAutoUpgrade
  artifactKey: Guid(ce0b37921b0e92d42a6131e723732c7a) Importer(815301076,1909f56bfc062723c751e8b465ee728b)
Start importing Assets/External Assets/_TerrainAutoUpgrade using Guid(ce0b37921b0e92d42a6131e723732c7a) Importer(815301076,1909f56bfc062723c751e8b465ee728b)  -> (artifact id: 'e64d8a563983cbc73d18a3b67439fab9') in 0.001283 seconds 
========================================================================
Received Import Request.
  Time since last request: 0.080737 seconds.
  path: Assets/External Assets/_TerrainAutoUpgrade/layer_Grass (Hill)Grass (Hill)_normalb956af97c33fc3d7.terrainlayer
  artifactKey: Guid(7c1bf38f1700c644ea3361e54f3bf274) Importer(815301076,1909f56bfc062723c751e8b465ee728b)
Start importing Assets/External Assets/_TerrainAutoUpgrade/layer_Grass (Hill)Grass (Hill)_normalb956af97c33fc3d7.terrainlayer using Guid(7c1bf38f1700c644ea3361e54f3bf274) Importer(815301076,1909f56bfc062723c751e8b465ee728b)  -> (artifact id: '2dbe27cb2c62c6e292234416c19f1510') in 0.020814 seconds 
========================================================================
Received Import Request.
  Time since last request: 0.000027 seconds.
  path: Assets/External Assets/_TerrainAutoUpgrade/layer_SandAlbedo3d3aba195e4d26ee.terrainlayer
  artifactKey: Guid(5c74d4c21f798df42994826ae7aafa7e) Importer(815301076,1909f56bfc062723c751e8b465ee728b)
Start importing Assets/External Assets/_TerrainAutoUpgrade/layer_SandAlbedo3d3aba195e4d26ee.terrainlayer using Guid(5c74d4c21f798df42994826ae7aafa7e) Importer(815301076,1909f56bfc062723c751e8b465ee728b)  -> (artifact id: 'a93ba8c67023238361cc9b55c50e3846') in 0.013161 seconds 
========================================================================
Received Import Request.
  Time since last request: 0.000020 seconds.
  path: Assets/External Assets/_TerrainAutoUpgrade/layer_Grass (Muddy)Grass (Muddy)_normalb956af97c33fc3d7.terrainlayer
  artifactKey: Guid(70bdd89df28d9884db723991b3ce6847) Importer(815301076,1909f56bfc062723c751e8b465ee728b)
Start importing Assets/External Assets/_TerrainAutoUpgrade/layer_Grass (Muddy)Grass (Muddy)_normalb956af97c33fc3d7.terrainlayer using Guid(70bdd89df28d9884db723991b3ce6847) Importer(815301076,1909f56bfc062723c751e8b465ee728b)  -> (artifact id: '95d16fcd165464d8bf07d7ef33750a86') in 0.013786 seconds 
========================================================================
Received Import Request.
  Time since last request: 0.000023 seconds.
  path: Assets/External Assets/_TerrainAutoUpgrade/layer_Grass&RockGrass&Rock_normalb956af97c33fc3d7.terrainlayer
  artifactKey: Guid(48921945b03c28c43bc5d4110595b04e) Importer(815301076,1909f56bfc062723c751e8b465ee728b)
Start importing Assets/External Assets/_TerrainAutoUpgrade/layer_Grass&RockGrass&Rock_normalb956af97c33fc3d7.terrainlayer using Guid(48921945b03c28c43bc5d4110595b04e) Importer(815301076,1909f56bfc062723c751e8b465ee728b)  -> (artifact id: '0cc7287a4cfea960a3e14091cef2efee') in 0.014057 seconds 
========================================================================
Received Import Request.
  Time since last request: 0.000025 seconds.
  path: Assets/External Assets/_TerrainAutoUpgrade/layer_Grass (Meadows)Grass (Meadows)_normalb956af97c33fc3d7.terrainlayer
  artifactKey: Guid(8dcbf7c9199fbda4181922c93b78506e) Importer(815301076,1909f56bfc062723c751e8b465ee728b)
Start importing Assets/External Assets/_TerrainAutoUpgrade/layer_Grass (Meadows)Grass (Meadows)_normalb956af97c33fc3d7.terrainlayer using Guid(8dcbf7c9199fbda4181922c93b78506e) Importer(815301076,1909f56bfc062723c751e8b465ee728b)  -> (artifact id: 'ba80ef2de99ee3c2ffef8965370dcc7e') in 0.014278 seconds 
========================================================================
Received Import Request.
  Time since last request: 2.931718 seconds.
  path: Assets/External Assets/Free_Trees
  artifactKey: Guid(b7aee0f11d1aa466daa952466d59cae8) Importer(815301076,1909f56bfc062723c751e8b465ee728b)
Start importing Assets/External Assets/Free_Trees using Guid(b7aee0f11d1aa466daa952466d59cae8) Importer(815301076,1909f56bfc062723c751e8b465ee728b)  -> (artifact id: '276abc18ee99cae21a465ca6bc1da1bc') in 0.005743 seconds 
========================================================================
Received Import Request.
  Time since last request: 1.997519 seconds.
  path: Assets/External Assets/LeanTween
  artifactKey: Guid(5e6a0fa47acf54892bbdae89028eaec3) Importer(815301076,1909f56bfc062723c751e8b465ee728b)
Start importing Assets/External Assets/LeanTween using Guid(5e6a0fa47acf54892bbdae89028eaec3) Importer(815301076,1909f56bfc062723c751e8b465ee728b)  -> (artifact id: '91e01a7bbb513c165639a1acdb2beef1') in 0.005756 seconds 
========================================================================
Received Import Request.
  Time since last request: 0.371389 seconds.
  path: Assets/External Assets/NatureStarterKit2
  artifactKey: Guid(1112b2af2907e994d88a00bd5fbf15e3) Importer(815301076,1909f56bfc062723c751e8b465ee728b)
Start importing Assets/External Assets/NatureStarterKit2 using Guid(1112b2af2907e994d88a00bd5fbf15e3) Importer(815301076,1909f56bfc062723c751e8b465ee728b)  -> (artifact id: '472f077a28831a031f2a76f60a7ac87d') in 0.005775 seconds 
========================================================================
Received Import Request.
  Time since last request: 9.164487 seconds.
  path: Assets/External Assets/TerrainTexturesPackFree
  artifactKey: Guid(eff660119692fe34ebdb8ed83c237208) Importer(815301076,1909f56bfc062723c751e8b465ee728b)
Start importing Assets/External Assets/TerrainTexturesPackFree using Guid(eff660119692fe34ebdb8ed83c237208) Importer(815301076,1909f56bfc062723c751e8b465ee728b)  -> (artifact id: '2f659898f2cee182a918450acde1ce8d') in 0.006388 seconds 
========================================================================
Received Import Request.
  Time since last request: 4.091372 seconds.
  path: Assets/External Assets/Tom's Terrain Tools/2DTools
  artifactKey: Guid(dd70d97ed22bd1f4ea087e1eb99ac0ef) Importer(815301076,1909f56bfc062723c751e8b465ee728b)
Start importing Assets/External Assets/Tom's Terrain Tools/2DTools using Guid(dd70d97ed22bd1f4ea087e1eb99ac0ef) Importer(815301076,1909f56bfc062723c751e8b465ee728b)  -> (artifact id: 'da56ce0dcd5c78461b87de325c9d13c2') in 0.005654 seconds 
========================================================================
Received Import Request.
  Time since last request: 3.204681 seconds.
  path: Assets/External Assets/Tom's Terrain Tools/Scripts
  artifactKey: Guid(da44e669759f042b795da54b47bc77f0) Importer(815301076,1909f56bfc062723c751e8b465ee728b)
Start importing Assets/External Assets/Tom's Terrain Tools/Scripts using Guid(da44e669759f042b795da54b47bc77f0) Importer(815301076,1909f56bfc062723c751e8b465ee728b)  -> (artifact id: 'db09d54d05d7ffda10aac4108bd62dbd') in 0.006266 seconds 
========================================================================
Received Import Request.
  Time since last request: 0.338722 seconds.
  path: Assets/External Assets/Tom's Terrain Tools/Unity Terrain Assets
  artifactKey: Guid(55da643c2977def41b71eb7132df32ae) Importer(815301076,1909f56bfc062723c751e8b465ee728b)
Start importing Assets/External Assets/Tom's Terrain Tools/Unity Terrain Assets using Guid(55da643c2977def41b71eb7132df32ae) Importer(815301076,1909f56bfc062723c751e8b465ee728b)  -> (artifact id: '8ee7dbe6574ea4c1e2129dc9f8926d64') in 0.005624 seconds 
========================================================================
Received Import Request.
  Time since last request: 2.521078 seconds.
  path: Assets/External Assets/Tom's Terrain Tools/Unity Terrain Assets/Textures
  artifactKey: Guid(80b4d8d43d91bb343a49ae32da5699c1) Importer(815301076,1909f56bfc062723c751e8b465ee728b)
Start importing Assets/External Assets/Tom's Terrain Tools/Unity Terrain Assets/Textures using Guid(80b4d8d43d91bb343a49ae32da5699c1) Importer(815301076,1909f56bfc062723c751e8b465ee728b)  -> (artifact id: '863b7b8c4e47fc603fe9450b6bda6939') in 0.006023 seconds 
========================================================================
Received Import Request.
  Time since last request: 0.059780 seconds.
  path: Assets/External Assets/Tom's Terrain Tools/Unity Terrain Assets/Textures/Cliff (Grassy).jpg
  artifactKey: Guid(34d6d98f8d3184e94aee664e99601940) Importer(815301076,1909f56bfc062723c751e8b465ee728b)
Start importing Assets/External Assets/Tom's Terrain Tools/Unity Terrain Assets/Textures/Cliff (Grassy).jpg using Guid(34d6d98f8d3184e94aee664e99601940) Importer(815301076,1909f56bfc062723c751e8b465ee728b)  -> (artifact id: 'fdcf55c9e10f90016ce4f6476b0c558c') in 0.022605 seconds 
========================================================================
Received Import Request.
  Time since last request: 0.000016 seconds.
  path: Assets/External Assets/Tom's Terrain Tools/Unity Terrain Assets/Textures/Cliff (Layered Rock)_normal.jpg
  artifactKey: Guid(53ca7afc903fac946a2a5134e0058d4a) Importer(815301076,1909f56bfc062723c751e8b465ee728b)
Start importing Assets/External Assets/Tom's Terrain Tools/Unity Terrain Assets/Textures/Cliff (Layered Rock)_normal.jpg using Guid(53ca7afc903fac946a2a5134e0058d4a) Importer(815301076,1909f56bfc062723c751e8b465ee728b)  -> (artifact id: '164728333881be734e7e31e67a88c13f') in 0.013493 seconds 
========================================================================
Received Import Request.
  Time since last request: 0.000020 seconds.
  path: Assets/External Assets/Tom's Terrain Tools/Unity Terrain Assets/Textures/Cliff (Layered Rock).jpg
  artifactKey: Guid(e13ad7a9d4dc84697aaa540e7548d65b) Importer(815301076,1909f56bfc062723c751e8b465ee728b)
Start importing Assets/External Assets/Tom's Terrain Tools/Unity Terrain Assets/Textures/Cliff (Layered Rock).jpg using Guid(e13ad7a9d4dc84697aaa540e7548d65b) Importer(815301076,1909f56bfc062723c751e8b465ee728b)  -> (artifact id: '1abdfdef09a71c37ac4032b7c60c9c60') in 0.018019 seconds 
========================================================================
Received Import Request.
  Time since last request: 0.000019 seconds.
  path: Assets/External Assets/Tom's Terrain Tools/Unity Terrain Assets/Textures/DirtGrass_normal.jpg
  artifactKey: Guid(8a385d506a7b2364f9291f2bbb9fc9b5) Importer(815301076,1909f56bfc062723c751e8b465ee728b)
Start importing Assets/External Assets/Tom's Terrain Tools/Unity Terrain Assets/Textures/DirtGrass_normal.jpg using Guid(8a385d506a7b2364f9291f2bbb9fc9b5) Importer(815301076,1909f56bfc062723c751e8b465ee728b)  -> (artifact id: 'f8d2f10c52d7493b91897252a266aa5f') in 0.018826 seconds 
========================================================================
Received Import Request.
  Time since last request: 0.000020 seconds.
  path: Assets/External Assets/Tom's Terrain Tools/Unity Terrain Assets/Textures/Grass (Meadows2)_normal.jpg
  artifactKey: Guid(d71a971f397108340bb943f1792e8427) Importer(815301076,1909f56bfc062723c751e8b465ee728b)
Start importing Assets/External Assets/Tom's Terrain Tools/Unity Terrain Assets/Textures/Grass (Meadows2)_normal.jpg using Guid(d71a971f397108340bb943f1792e8427) Importer(815301076,1909f56bfc062723c751e8b465ee728b)  -> (artifact id: 'b67467e1c1f5fc7dfa3be32dadcdeb07') in 0.020958 seconds 
========================================================================
Received Import Request.
  Time since last request: 0.000018 seconds.
  path: Assets/External Assets/Tom's Terrain Tools/Unity Terrain Assets/Textures/DirtGrass.jpg
  artifactKey: Guid(0a701d8ff65ec4ea0b399612431785d0) Importer(815301076,1909f56bfc062723c751e8b465ee728b)
Start importing Assets/External Assets/Tom's Terrain Tools/Unity Terrain Assets/Textures/DirtGrass.jpg using Guid(0a701d8ff65ec4ea0b399612431785d0) Importer(815301076,1909f56bfc062723c751e8b465ee728b)  -> (artifact id: 'f2eee5d2c9eb1429418e511e535901af') in 0.012520 seconds 
========================================================================
Received Import Request.
  Time since last request: 0.000021 seconds.
  path: Assets/External Assets/Tom's Terrain Tools/Unity Terrain Assets/Textures/Grass (Meadows2).jpg
  artifactKey: Guid(4eedb15fd8a014129ae94b054187cc82) Importer(815301076,1909f56bfc062723c751e8b465ee728b)
Start importing Assets/External Assets/Tom's Terrain Tools/Unity Terrain Assets/Textures/Grass (Meadows2).jpg using Guid(4eedb15fd8a014129ae94b054187cc82) Importer(815301076,1909f56bfc062723c751e8b465ee728b)  -> (artifact id: 'a9e227e49050c79ac350765f8e914421') in 0.013584 seconds 
========================================================================
Received Import Request.
  Time since last request: 0.000018 seconds.
  path: Assets/External Assets/Tom's Terrain Tools/Unity Terrain Assets/Textures/Grass&Rock_normal.jpg
  artifactKey: Guid(45c62a46a3f47794fb1e746483973fbf) Importer(815301076,1909f56bfc062723c751e8b465ee728b)
Start importing Assets/External Assets/Tom's Terrain Tools/Unity Terrain Assets/Textures/Grass&Rock_normal.jpg using Guid(45c62a46a3f47794fb1e746483973fbf) Importer(815301076,1909f56bfc062723c751e8b465ee728b)  -> (artifact id: 'f0b00725d40420519ad63b5145448b69') in 0.016986 seconds 
========================================================================
Received Import Request.
  Time since last request: 0.000016 seconds.
  path: Assets/External Assets/Tom's Terrain Tools/Unity Terrain Assets/Textures/Forest Floor.jpg
  artifactKey: Guid(17ce60bc10e844e5a99f5ec8937e6bac) Importer(815301076,1909f56bfc062723c751e8b465ee728b)
Start importing Assets/External Assets/Tom's Terrain Tools/Unity Terrain Assets/Textures/Forest Floor.jpg using Guid(17ce60bc10e844e5a99f5ec8937e6bac) Importer(815301076,1909f56bfc062723c751e8b465ee728b)  -> (artifact id: '12fb1335997aa18cfc2cac55f48f2eb7') in 0.013849 seconds 
========================================================================
Received Import Request.
  Time since last request: 0.000024 seconds.
  path: Assets/External Assets/Tom's Terrain Tools/Unity Terrain Assets/Textures/Sand (Beach).jpg
  artifactKey: Guid(58e0577615c6d407a81c5d0c67459545) Importer(815301076,1909f56bfc062723c751e8b465ee728b)
Start importing Assets/External Assets/Tom's Terrain Tools/Unity Terrain Assets/Textures/Sand (Beach).jpg using Guid(58e0577615c6d407a81c5d0c67459545) Importer(815301076,1909f56bfc062723c751e8b465ee728b)  -> (artifact id: '64424735be7ab79982c3371eae7d694f') in 0.012780 seconds 
========================================================================
Received Import Request.
  Time since last request: 0.000027 seconds.
  path: Assets/External Assets/Tom's Terrain Tools/Unity Terrain Assets/Textures/Grass (Hill).jpg
  artifactKey: Guid(c25a06c9c28fd4e4292b3e9a129715d5) Importer(815301076,1909f56bfc062723c751e8b465ee728b)
Start importing Assets/External Assets/Tom's Terrain Tools/Unity Terrain Assets/Textures/Grass (Hill).jpg using Guid(c25a06c9c28fd4e4292b3e9a129715d5) Importer(815301076,1909f56bfc062723c751e8b465ee728b)  -> (artifact id: '68bd327969a7223dc4acd27cdfc5773d') in 0.015386 seconds 
========================================================================
Received Import Request.
  Time since last request: 0.000026 seconds.
  path: Assets/External Assets/Tom's Terrain Tools/Unity Terrain Assets/Textures/Grass&Rock.jpg
  artifactKey: Guid(81610d5a58249449683de3278e6b7a5a) Importer(815301076,1909f56bfc062723c751e8b465ee728b)
Start importing Assets/External Assets/Tom's Terrain Tools/Unity Terrain Assets/Textures/Grass&Rock.jpg using Guid(81610d5a58249449683de3278e6b7a5a) Importer(815301076,1909f56bfc062723c751e8b465ee728b)  -> (artifact id: '90a7ed6b53e5d5ce670b0777d90ca739') in 0.013312 seconds 
========================================================================
Received Import Request.
  Time since last request: 0.000019 seconds.
  path: Assets/External Assets/Tom's Terrain Tools/Unity Terrain Assets/Textures/Sand (Beach)_normal.jpg
  artifactKey: Guid(f2d3efe21e3e302439c2b6692b753391) Importer(815301076,1909f56bfc062723c751e8b465ee728b)
Start importing Assets/External Assets/Tom's Terrain Tools/Unity Terrain Assets/Textures/Sand (Beach)_normal.jpg using Guid(f2d3efe21e3e302439c2b6692b753391) Importer(815301076,1909f56bfc062723c751e8b465ee728b)  -> (artifact id: 'c96e186e6cad94bfe3c991643e93f8a5') in 0.014627 seconds 
========================================================================
Received Import Request.
  Time since last request: 0.000018 seconds.
  path: Assets/External Assets/Tom's Terrain Tools/Unity Terrain Assets/Textures/Grass (Muddy)_normal.jpg
  artifactKey: Guid(3fd33ccf9b019444c8a30d96b246dcac) Importer(815301076,1909f56bfc062723c751e8b465ee728b)
Start importing Assets/External Assets/Tom's Terrain Tools/Unity Terrain Assets/Textures/Grass (Muddy)_normal.jpg using Guid(3fd33ccf9b019444c8a30d96b246dcac) Importer(815301076,1909f56bfc062723c751e8b465ee728b)  -> (artifact id: '852a1362b348b54cb0512cadea6dda17') in 0.014167 seconds 
========================================================================
Received Import Request.
  Time since last request: 0.000020 seconds.
  path: Assets/External Assets/Tom's Terrain Tools/Unity Terrain Assets/Textures/Grass (Meadows).jpg
  artifactKey: Guid(46ae0649924b543a6bb192dd3c93b89e) Importer(815301076,1909f56bfc062723c751e8b465ee728b)
Start importing Assets/External Assets/Tom's Terrain Tools/Unity Terrain Assets/Textures/Grass (Meadows).jpg using Guid(46ae0649924b543a6bb192dd3c93b89e) Importer(815301076,1909f56bfc062723c751e8b465ee728b)  -> (artifact id: 'c4bb722e06c0972f1c0ef7a9af1adf37') in 0.012575 seconds 
========================================================================
Received Import Request.
  Time since last request: 0.000016 seconds.
  path: Assets/External Assets/Tom's Terrain Tools/Unity Terrain Assets/Textures/Grass (Meadows)_normal.jpg
  artifactKey: Guid(82a9d61070edf4649b38c0138097d645) Importer(815301076,1909f56bfc062723c751e8b465ee728b)
Start importing Assets/External Assets/Tom's Terrain Tools/Unity Terrain Assets/Textures/Grass (Meadows)_normal.jpg using Guid(82a9d61070edf4649b38c0138097d645) Importer(815301076,1909f56bfc062723c751e8b465ee728b)  -> (artifact id: '4faccd226fff9b3b4f33c66938277cfc') in 0.014450 seconds 
========================================================================
Received Import Request.
  Time since last request: 0.000018 seconds.
  path: Assets/External Assets/Tom's Terrain Tools/Unity Terrain Assets/Textures/Grass (Hill)_normal.jpg
  artifactKey: Guid(a9f05ac2f26e63f449ab4ab13ca4dbac) Importer(815301076,1909f56bfc062723c751e8b465ee728b)
Start importing Assets/External Assets/Tom's Terrain Tools/Unity Terrain Assets/Textures/Grass (Hill)_normal.jpg using Guid(a9f05ac2f26e63f449ab4ab13ca4dbac) Importer(815301076,1909f56bfc062723c751e8b465ee728b)  -> (artifact id: '27696be5d9a63ed5d616f1cd5ed57b1c') in 0.012169 seconds 
========================================================================
Received Import Request.
  Time since last request: 0.000020 seconds.
  path: Assets/External Assets/Tom's Terrain Tools/Unity Terrain Assets/Textures/Grass (Muddy).jpg
  artifactKey: Guid(ace73706619b14e8e9cefecea8b025b1) Importer(815301076,1909f56bfc062723c751e8b465ee728b)
Start importing Assets/External Assets/Tom's Terrain Tools/Unity Terrain Assets/Textures/Grass (Muddy).jpg using Guid(ace73706619b14e8e9cefecea8b025b1) Importer(815301076,1909f56bfc062723c751e8b465ee728b)  -> (artifact id: '410c386a5ed060195104465029bc04c5') in 0.011397 seconds 
========================================================================
Received Import Request.
  Time since last request: 0.000026 seconds.
  path: Assets/External Assets/Tom's Terrain Tools/Unity Terrain Assets/Textures/Cliff (Grassy)_normal.png
  artifactKey: Guid(05572a16f11deea489658d91f03cefd8) Importer(815301076,1909f56bfc062723c751e8b465ee728b)
Start importing Assets/External Assets/Tom's Terrain Tools/Unity Terrain Assets/Textures/Cliff (Grassy)_normal.png using Guid(05572a16f11deea489658d91f03cefd8) Importer(815301076,1909f56bfc062723c751e8b465ee728b)  -> (artifact id: '5a0b53628bfca8df167149f5f2d9f10e') in 0.014548 seconds 
========================================================================
Received Import Request.
  Time since last request: 0.000021 seconds.
  path: Assets/External Assets/Tom's Terrain Tools/Unity Terrain Assets/Textures/Forest Floor_normal.jpg
  artifactKey: Guid(cfc6ac1dcfc2f474796464266a7b6daa) Importer(815301076,1909f56bfc062723c751e8b465ee728b)
Start importing Assets/External Assets/Tom's Terrain Tools/Unity Terrain Assets/Textures/Forest Floor_normal.jpg using Guid(cfc6ac1dcfc2f474796464266a7b6daa) Importer(815301076,1909f56bfc062723c751e8b465ee728b)  -> (artifact id: 'e9d25531ca28710e612cff4d5db2120b') in 0.011019 seconds 
========================================================================
Received Import Request.
  Time since last request: 2.770626 seconds.
  path: Assets/External Assets/Tom's Terrain Tools/Unity Terrain Assets/Bushes
  artifactKey: Guid(fc2b4e3c414f15946be33028528aa381) Importer(815301076,1909f56bfc062723c751e8b465ee728b)
Start importing Assets/External Assets/Tom's Terrain Tools/Unity Terrain Assets/Bushes using Guid(fc2b4e3c414f15946be33028528aa381) Importer(815301076,1909f56bfc062723c751e8b465ee728b)  -> (artifact id: 'f6aa00683a9913a41dfd8a61b11b0974') in 0.005670 seconds 
========================================================================
Received Import Request.
  Time since last request: 0.382491 seconds.
  path: Assets/External Assets/Tom's Terrain Tools/Unity Terrain Assets/Bushes/Bush5.fbx
  artifactKey: Guid(0289fdf7bd118bca11002b7b44295342) Importer(815301076,1909f56bfc062723c751e8b465ee728b)
Start importing Assets/External Assets/Tom's Terrain Tools/Unity Terrain Assets/Bushes/Bush5.fbx using Guid(0289fdf7bd118bca11002b7b44295342) Importer(815301076,1909f56bfc062723c751e8b465ee728b)  -> (artifact id: 'b4bb4ad1b2c6cf9a5a8f4b3e8062cc30') in 0.112336 seconds 
========================================================================
Received Import Request.
  Time since last request: 0.000016 seconds.
  path: Assets/External Assets/Tom's Terrain Tools/Unity Terrain Assets/Bushes/Bush7.fbx
  artifactKey: Guid(4b68bd4cbd118bca11002b7b44295342) Importer(815301076,1909f56bfc062723c751e8b465ee728b)
Start importing Assets/External Assets/Tom's Terrain Tools/Unity Terrain Assets/Bushes/Bush7.fbx using Guid(4b68bd4cbd118bca11002b7b44295342) Importer(815301076,1909f56bfc062723c751e8b465ee728b)  -> (artifact id: '486084e7e45143154adfa963600098f0') in 0.025831 seconds 
========================================================================
Received Import Request.
  Time since last request: 0.771169 seconds.
  path: Assets/External Assets/Tom's Terrain Tools/Unity Terrain Assets/Bushes/Materials
  artifactKey: Guid(487c7d53058486b48a2fe9936c432e91) Importer(815301076,1909f56bfc062723c751e8b465ee728b)
Start importing Assets/External Assets/Tom's Terrain Tools/Unity Terrain Assets/Bushes/Materials using Guid(487c7d53058486b48a2fe9936c432e91) Importer(815301076,1909f56bfc062723c751e8b465ee728b)  -> (artifact id: 'bb982f188e56619a1fd2d5cf6e5fe1d8') in 0.006319 seconds 
========================================================================
Received Import Request.
  Time since last request: 0.049740 seconds.
  path: Assets/External Assets/Tom's Terrain Tools/Unity Terrain Assets/Bushes/Materials/bush5.mat
  artifactKey: Guid(2b0d052fbd110f89a00081698f962b59) Importer(815301076,1909f56bfc062723c751e8b465ee728b)
Start importing Assets/External Assets/Tom's Terrain Tools/Unity Terrain Assets/Bushes/Materials/bush5.mat using Guid(2b0d052fbd110f89a00081698f962b59) Importer(815301076,1909f56bfc062723c751e8b465ee728b)  -> (artifact id: 'd2ccf66108ec49726ca90396de663d3a') in 0.021403 seconds 
========================================================================
Received Import Request.
  Time since last request: 0.000019 seconds.
  path: Assets/External Assets/Tom's Terrain Tools/Unity Terrain Assets/Bushes/Materials/bush7.mat
  artifactKey: Guid(bc593cc7bd111f89a00081698f962b59) Importer(815301076,1909f56bfc062723c751e8b465ee728b)
Start importing Assets/External Assets/Tom's Terrain Tools/Unity Terrain Assets/Bushes/Materials/bush7.mat using Guid(bc593cc7bd111f89a00081698f962b59) Importer(815301076,1909f56bfc062723c751e8b465ee728b)  -> (artifact id: 'df240e1533e079edc0bb8a5fe743ad76') in 0.012623 seconds 
========================================================================
Received Import Request.
  Time since last request: 2.327580 seconds.
  path: Assets/External Assets/Tom's Terrain Tools/Unity Terrain Assets/Bushes/Textures
  artifactKey: Guid(fea5abe282e95cf47b17cf201b961c38) Importer(815301076,1909f56bfc062723c751e8b465ee728b)
Start importing Assets/External Assets/Tom's Terrain Tools/Unity Terrain Assets/Bushes/Textures using Guid(fea5abe282e95cf47b17cf201b961c38) Importer(815301076,1909f56bfc062723c751e8b465ee728b)  -> (artifact id: 'd740d551aa1e056407e936597df9f705') in 0.001910 seconds 
========================================================================
Received Import Request.
  Time since last request: 0.073309 seconds.
  path: Assets/External Assets/Tom's Terrain Tools/Unity Terrain Assets/Bushes/Textures/Bush5.psd
  artifactKey: Guid(df4ddf96bd116869a000fb488f962b59) Importer(815301076,1909f56bfc062723c751e8b465ee728b)
Start importing Assets/External Assets/Tom's Terrain Tools/Unity Terrain Assets/Bushes/Textures/Bush5.psd using Guid(df4ddf96bd116869a000fb488f962b59) Importer(815301076,1909f56bfc062723c751e8b465ee728b)  -> (artifact id: '75e6c272066e23e6bd9a106cd62efe65') in 0.020528 seconds 
========================================================================
Received Import Request.
  Time since last request: 0.000024 seconds.
  path: Assets/External Assets/Tom's Terrain Tools/Unity Terrain Assets/Bushes/Textures/Bush7.psd
  artifactKey: Guid(ae6ddf96bd116869a000fb488f962b59) Importer(815301076,1909f56bfc062723c751e8b465ee728b)
Start importing Assets/External Assets/Tom's Terrain Tools/Unity Terrain Assets/Bushes/Textures/Bush7.psd using Guid(ae6ddf96bd116869a000fb488f962b59) Importer(815301076,1909f56bfc062723c751e8b465ee728b)  -> (artifact id: '373e7b027e4601f65684af2aed27a513') in 0.011608 seconds 
========================================================================
Received Import Request.
  Time since last request: 3.363151 seconds.
  path: Assets/External Assets/Tom's Terrain Tools/Unity Terrain Assets/Trees Ambient-Occlusion
  artifactKey: Guid(c6834489c4b33ce4ba38826179cd7c1a) Importer(815301076,1909f56bfc062723c751e8b465ee728b)
Start importing Assets/External Assets/Tom's Terrain Tools/Unity Terrain Assets/Trees Ambient-Occlusion using Guid(c6834489c4b33ce4ba38826179cd7c1a) Importer(815301076,1909f56bfc062723c751e8b465ee728b)  -> (artifact id: '8f15eb4ee04c62d5ebf1de3bcaa8b108') in 0.006536 seconds 
========================================================================
Received Import Request.
  Time since last request: 0.052838 seconds.
  path: Assets/External Assets/Tom's Terrain Tools/Unity Terrain Assets/Trees Ambient-Occlusion/Alder.fbx
  artifactKey: Guid(25fa881dbd110e38a00062d88f962b59) Importer(815301076,1909f56bfc062723c751e8b465ee728b)
Start importing Assets/External Assets/Tom's Terrain Tools/Unity Terrain Assets/Trees Ambient-Occlusion/Alder.fbx using Guid(25fa881dbd110e38a00062d88f962b59) Importer(815301076,1909f56bfc062723c751e8b465ee728b)  -> (artifact id: 'bcd996101082a8a0483f48572a8cfc3d') in 0.156336 seconds 
========================================================================
Received Import Request.
  Time since last request: 0.000021 seconds.
  path: Assets/External Assets/Tom's Terrain Tools/Unity Terrain Assets/Trees Ambient-Occlusion/ScotsPineTypeB.fbx
  artifactKey: Guid(8d302a31bd1113061100b7a844295342) Importer(815301076,1909f56bfc062723c751e8b465ee728b)
Start importing Assets/External Assets/Tom's Terrain Tools/Unity Terrain Assets/Trees Ambient-Occlusion/ScotsPineTypeB.fbx using Guid(8d302a31bd1113061100b7a844295342) Importer(815301076,1909f56bfc062723c751e8b465ee728b)  -> (artifact id: '935a53f4fc6c9b2c9efeea620c5c78c3') in 0.040032 seconds 
========================================================================
Received Import Request.
  Time since last request: 0.000020 seconds.
  path: Assets/External Assets/Tom's Terrain Tools/Unity Terrain Assets/Trees Ambient-Occlusion/ScotsPineTypeA.fbx
  artifactKey: Guid(43202a31bd1113061100b7a844295342) Importer(815301076,1909f56bfc062723c751e8b465ee728b)
Start importing Assets/External Assets/Tom's Terrain Tools/Unity Terrain Assets/Trees Ambient-Occlusion/ScotsPineTypeA.fbx using Guid(43202a31bd1113061100b7a844295342) Importer(815301076,1909f56bfc062723c751e8b465ee728b)  -> (artifact id: '514a7d2a4a5a2122aa6709dfad0739ea') in 0.043642 seconds 
========================================================================
Received Import Request.
  Time since last request: 0.000020 seconds.
  path: Assets/External Assets/Tom's Terrain Tools/Unity Terrain Assets/Trees Ambient-Occlusion/Sycamore.fbx
  artifactKey: Guid(0f362a31bd1113061100b7a844295342) Importer(815301076,1909f56bfc062723c751e8b465ee728b)
Start importing Assets/External Assets/Tom's Terrain Tools/Unity Terrain Assets/Trees Ambient-Occlusion/Sycamore.fbx using Guid(0f362a31bd1113061100b7a844295342) Importer(815301076,1909f56bfc062723c751e8b465ee728b)  -> (artifact id: '85582304176725b41279caf34bf580f4') in 0.041759 seconds 
========================================================================
Received Import Request.
  Time since last request: 0.000026 seconds.
  path: Assets/External Assets/Tom's Terrain Tools/Unity Terrain Assets/Trees Ambient-Occlusion/Mimosa.fbx
  artifactKey: Guid(7b9282fc41cfa4caf9b150bd407f856e) Importer(815301076,1909f56bfc062723c751e8b465ee728b)
Start importing Assets/External Assets/Tom's Terrain Tools/Unity Terrain Assets/Trees Ambient-Occlusion/Mimosa.fbx using Guid(7b9282fc41cfa4caf9b150bd407f856e) Importer(815301076,1909f56bfc062723c751e8b465ee728b)  -> (artifact id: '3d51bd407383bc01d8e399c269372e55') in 0.050247 seconds 
========================================================================
Received Import Request.
  Time since last request: 0.000020 seconds.
  path: Assets/External Assets/Tom's Terrain Tools/Unity Terrain Assets/Trees Ambient-Occlusion/ThinTree.fbx
  artifactKey: Guid(96ba5bd6f9ef547cfa2bedfffc791631) Importer(815301076,1909f56bfc062723c751e8b465ee728b)
Start importing Assets/External Assets/Tom's Terrain Tools/Unity Terrain Assets/Trees Ambient-Occlusion/ThinTree.fbx using Guid(96ba5bd6f9ef547cfa2bedfffc791631) Importer(815301076,1909f56bfc062723c751e8b465ee728b)  -> (artifact id: 'e6d0b27c73055cadd4df6414ec5d4034') in 0.032165 seconds 
========================================================================
Received Import Request.
  Time since last request: 1.439261 seconds.
  path: Assets/External Assets/Tom's Terrain Tools/Unity Terrain Assets/Trees Ambient-Occlusion/Textures
  artifactKey: Guid(f594f439d46b73d4eb33a1d32cfe7ce9) Importer(815301076,1909f56bfc062723c751e8b465ee728b)
Start importing Assets/External Assets/Tom's Terrain Tools/Unity Terrain Assets/Trees Ambient-Occlusion/Textures using Guid(f594f439d46b73d4eb33a1d32cfe7ce9) Importer(815301076,1909f56bfc062723c751e8b465ee728b)  -> (artifact id: '2dc19676640f9241e88a89e45d6640c6') in 0.001804 seconds 
========================================================================
Received Import Request.
  Time since last request: 0.100395 seconds.
  path: Assets/External Assets/Tom's Terrain Tools/Unity Terrain Assets/Trees Ambient-Occlusion/Textures/AlderBark.PSD
  artifactKey: Guid(061b881dbd110e38a00062d88f962b59) Importer(815301076,1909f56bfc062723c751e8b465ee728b)
Start importing Assets/External Assets/Tom's Terrain Tools/Unity Terrain Assets/Trees Ambient-Occlusion/Textures/AlderBark.PSD using Guid(061b881dbd110e38a00062d88f962b59) Importer(815301076,1909f56bfc062723c751e8b465ee728b)  -> (artifact id: 'cdda14e443c4c8286dc6338eb07dba9f') in 0.013332 seconds 
========================================================================
Received Import Request.
  Time since last request: 0.000018 seconds.
  path: Assets/External Assets/Tom's Terrain Tools/Unity Terrain Assets/Trees Ambient-Occlusion/Textures/ScotsPinebranches.psd
  artifactKey: Guid(a3f12a31bd1113061100b7a844295342) Importer(815301076,1909f56bfc062723c751e8b465ee728b)
Start importing Assets/External Assets/Tom's Terrain Tools/Unity Terrain Assets/Trees Ambient-Occlusion/Textures/ScotsPinebranches.psd using Guid(a3f12a31bd1113061100b7a844295342) Importer(815301076,1909f56bfc062723c751e8b465ee728b)  -> (artifact id: 'b8bc3423c64f3a8eadaabc9e82edbec9') in 0.012922 seconds 
========================================================================
Received Import Request.
  Time since last request: 0.000019 seconds.
  path: Assets/External Assets/Tom's Terrain Tools/Unity Terrain Assets/Trees Ambient-Occlusion/Textures/MimosaBark.PSD
  artifactKey: Guid(2ab51c8ecd118f12a000e6888f962b59) Importer(815301076,1909f56bfc062723c751e8b465ee728b)
Start importing Assets/External Assets/Tom's Terrain Tools/Unity Terrain Assets/Trees Ambient-Occlusion/Textures/MimosaBark.PSD using Guid(2ab51c8ecd118f12a000e6888f962b59) Importer(815301076,1909f56bfc062723c751e8b465ee728b)  -> (artifact id: '314b43919ae3077f3e322e317f8c625a') in 0.011984 seconds 
========================================================================
Received Import Request.
  Time since last request: 0.000017 seconds.
  path: Assets/External Assets/Tom's Terrain Tools/Unity Terrain Assets/Trees Ambient-Occlusion/Textures/ScotsPineTrunk.psd
  artifactKey: Guid(c9f636a2b314ed36c25fd64b70184ce4) Importer(815301076,1909f56bfc062723c751e8b465ee728b)
Start importing Assets/External Assets/Tom's Terrain Tools/Unity Terrain Assets/Trees Ambient-Occlusion/Textures/ScotsPineTrunk.psd using Guid(c9f636a2b314ed36c25fd64b70184ce4) Importer(815301076,1909f56bfc062723c751e8b465ee728b)  -> (artifact id: 'aba221b856b28482c26c7ddcfcc391a1') in 0.011818 seconds 
========================================================================
Received Import Request.
  Time since last request: 0.000016 seconds.
  path: Assets/External Assets/Tom's Terrain Tools/Unity Terrain Assets/Trees Ambient-Occlusion/Textures/AlderBranches.psd
  artifactKey: Guid(d72b881dbd110e38a00062d88f962b59) Importer(815301076,1909f56bfc062723c751e8b465ee728b)
Start importing Assets/External Assets/Tom's Terrain Tools/Unity Terrain Assets/Trees Ambient-Occlusion/Textures/AlderBranches.psd using Guid(d72b881dbd110e38a00062d88f962b59) Importer(815301076,1909f56bfc062723c751e8b465ee728b)  -> (artifact id: 'abea5d38a27c1e00ce9b24273c0e52b3') in 0.010769 seconds 
========================================================================
Received Import Request.
  Time since last request: 0.000019 seconds.
  path: Assets/External Assets/Tom's Terrain Tools/Unity Terrain Assets/Trees Ambient-Occlusion/Textures/SycamoreBark4.psd
  artifactKey: Guid(2bb05b46bd116595110054c944295342) Importer(815301076,1909f56bfc062723c751e8b465ee728b)
Start importing Assets/External Assets/Tom's Terrain Tools/Unity Terrain Assets/Trees Ambient-Occlusion/Textures/SycamoreBark4.psd using Guid(2bb05b46bd116595110054c944295342) Importer(815301076,1909f56bfc062723c751e8b465ee728b)  -> (artifact id: '45629a98e9d9f3dd54a14d94216724a5') in 0.012884 seconds 
========================================================================
Received Import Request.
  Time since last request: 0.000019 seconds.
  path: Assets/External Assets/Tom's Terrain Tools/Unity Terrain Assets/Trees Ambient-Occlusion/Textures/MimosaBranch.psd
  artifactKey: Guid(fbd51c8ecd118f12a000e6888f962b59) Importer(815301076,1909f56bfc062723c751e8b465ee728b)
Start importing Assets/External Assets/Tom's Terrain Tools/Unity Terrain Assets/Trees Ambient-Occlusion/Textures/MimosaBranch.psd using Guid(fbd51c8ecd118f12a000e6888f962b59) Importer(815301076,1909f56bfc062723c751e8b465ee728b)  -> (artifact id: 'ff91c142d840173bc948316b2bfbeb75') in 0.013178 seconds 
========================================================================
Received Import Request.
  Time since last request: 0.000021 seconds.
  path: Assets/External Assets/Tom's Terrain Tools/Unity Terrain Assets/Trees Ambient-Occlusion/Textures/ThinTree.psd
  artifactKey: Guid(7b4387a8cd11b7a2a000251b8f962b59) Importer(815301076,1909f56bfc062723c751e8b465ee728b)
Start importing Assets/External Assets/Tom's Terrain Tools/Unity Terrain Assets/Trees Ambient-Occlusion/Textures/ThinTree.psd using Guid(7b4387a8cd11b7a2a000251b8f962b59) Importer(815301076,1909f56bfc062723c751e8b465ee728b)  -> (artifact id: '807a264a151d64a63d03f835585d7d32') in 0.012934 seconds 
========================================================================
Received Import Request.
  Time since last request: 0.000025 seconds.
  path: Assets/External Assets/Tom's Terrain Tools/Unity Terrain Assets/Trees Ambient-Occlusion/Textures/SycamoreLeaves5.psd
  artifactKey: Guid(a1e8a7b3bd1123061100b7a844295342) Importer(815301076,1909f56bfc062723c751e8b465ee728b)
Start importing Assets/External Assets/Tom's Terrain Tools/Unity Terrain Assets/Trees Ambient-Occlusion/Textures/SycamoreLeaves5.psd using Guid(a1e8a7b3bd1123061100b7a844295342) Importer(815301076,1909f56bfc062723c751e8b465ee728b)  -> (artifact id: '858c48ccf1d214269a0dceed45d77534') in 0.010400 seconds 
========================================================================
Received Import Request.
  Time since last request: 6.676964 seconds.
  path: Assets/External Assets/Tom's Terrain Tools/README.rtf
  artifactKey: Guid(48b664313e7054b0b84414942f9e0ac8) Importer(815301076,1909f56bfc062723c751e8b465ee728b)
Start importing Assets/External Assets/Tom's Terrain Tools/README.rtf using Guid(48b664313e7054b0b84414942f9e0ac8) Importer(815301076,1909f56bfc062723c751e8b465ee728b)  -> (artifact id: '5f86d0678aff524f4bad80adbf1f2922') in 0.010519 seconds 
